Resgistro del usuario 1
		No existe ningun archivo con registros de usuarios....CREANDO
	Usuario registrado con exito.
Resgistro del usuario 1
	id con el que se compara: 1
		existeUsuario=true
	El usuario ya esta registrado.
Resgistro del usuario 2
	id con el que se compara: 1
	Usuario registrado con exito.
Resgistro del usuario 3
	id con el que se compara: 1
	id con el que se compara: 2
	Usuario registrado con exito.
Resgistro del usuario 4
	id con el que se compara: 1
	id con el que se compara: 2
	id con el que se compara: 3
	Usuario registrado con exito.
Resgistro del usuario 5
	id con el que se compara: 1
	id con el que se compara: 2
	id con el que se compara: 3
	id con el que se compara: 4
	Usuario registrado con exito.
Resgistro del usuario 6
	id con el que se compara: 1
	id con el que se compara: 2
	id con el que se compara: 3
	id con el que se compara: 4
	id con el que se compara: 5
	Usuario registrado con exito.
Resgistro del usuario 7
	id con el que se compara: 1
	id con el que se compara: 2
	id con el que se compara: 3
	id con el que se compara: 4
	id con el que se compara: 5
	id con el que se compara: 6
	Usuario registrado con exito.
Resgistro del usuario 8
	id con el que se compara: 1
	id con el que se compara: 2
	id con el que se compara: 3
	id con el que se compara: 4
	id con el que se compara: 5
	id con el que se compara: 6
	id con el que se compara: 7
	Usuario registrado con exito.
Resgistro del usuario 9
	id con el que se compara: 1
	id con el que se compara: 2
	id con el que se compara: 3
	id con el que se compara: 4
	id con el que se compara: 5
	id con el que se compara: 6
	id con el que se compara: 7
	id con el que se compara: 8
	Usuario registrado con exito.
Resgistro del usuario 10
	id con el que se compara: 1
	id con el que se compara: 2
	id con el que se compara: 3
	id con el que se compara: 4
	id con el que se compara: 5
	id con el que se compara: 6
	id con el que se compara: 7
	id con el que se compara: 8
	id con el que se compara: 9
	Usuario registrado con exito.
Resgistro del usuario 11
	id con el que se compara: 1
	id con el que se compara: 2
	id con el que se compara: 3
	id con el que se compara: 4
	id con el que se compara: 5
	id con el que se compara: 6
	id con el que se compara: 7
	id con el que se compara: 8
	id con el que se compara: 9
	id con el que se compara: 10
	Usuario registrado con exito.
Resgistro del usuario 12
	id con el que se compara: 1
	id con el que se compara: 2
	id con el que se compara: 3
	id con el que se compara: 4
	id con el que se compara: 5
	id con el que se compara: 6
	id con el que se compara: 7
	id con el que se compara: 8
	id con el que se compara: 9
	id con el que se compara: 10
	id con el que se compara: 11
	Usuario registrado con exito.
Resgistro del usuario 13
	id con el que se compara: 1
	id con el que se compara: 2
	id con el que se compara: 3
	id con el que se compara: 4
	id con el que se compara: 5
	id con el que se compara: 6
	id con el que se compara: 7
	id con el que se compara: 8
	id con el que se compara: 9
	id con el que se compara: 10
	id con el que se compara: 11
	id con el que se compara: 12
	Usuario registrado con exito.
Resgistro del usuario 14
	id con el que se compara: 1
	id con el que se compara: 2
	id con el que se compara: 3
	id con el que se compara: 4
	id con el que se compara: 5
	id con el que se compara: 6
	id con el que se compara: 7
	id con el que se compara: 8
	id con el que se compara: 9
	id con el que se compara: 10
	id con el que se compara: 11
	id con el que se compara: 12
	id con el que se compara: 13
	Usuario registrado con exito.
Resgistro del usuario 15
	id con el que se compara: 1
	id con el que se compara: 2
	id con el que se compara: 3
	id con el que se compara: 4
	id con el que se compara: 5
	id con el que se compara: 6
	id con el que se compara: 7
	id con el que se compara: 8
	id con el que se compara: 9
	id con el que se compara: 10
	id con el que se compara: 11
	id con el que se compara: 12
	id con el que se compara: 13
	id con el que se compara: 14
	Usuario registrado con exito.
Resgistro del usuario 16
	id con el que se compara: 1
	id con el que se compara: 2
	id con el que se compara: 3
	id con el que se compara: 4
	id con el que se compara: 5
	id con el que se compara: 6
	id con el que se compara: 7
	id con el que se compara: 8
	id con el que se compara: 9
	id con el que se compara: 10
	id con el que se compara: 11
	id con el que se compara: 12
	id con el que se compara: 13
	id con el que se compara: 14
	id con el que se compara: 15
	Usuario registrado con exito.
Resgistro del usuario 17
	id con el que se compara: 1
	id con el que se compara: 2
	id con el que se compara: 3
	id con el que se compara: 4
	id con el que se compara: 5
	id con el que se compara: 6
	id con el que se compara: 7
	id con el que se compara: 8
	id con el que se compara: 9
	id con el que se compara: 10
	id con el que se compara: 11
	id con el que se compara: 12
	id con el que se compara: 13
	id con el que se compara: 14
	id con el que se compara: 15
	id con el que se compara: 16
	Usuario registrado con exito.
Resgistro del usuario 18
	id con el que se compara: 1
	id con el que se compara: 2
	id con el que se compara: 3
	id con el que se compara: 4
	id con el que se compara: 5
	id con el que se compara: 6
	id con el que se compara: 7
	id con el que se compara: 8
	id con el que se compara: 9
	id con el que se compara: 10
	id con el que se compara: 11
	id con el que se compara: 12
	id con el que se compara: 13
	id con el que se compara: 14
	id con el que se compara: 15
	id con el que se compara: 16
	id con el que se compara: 17
	Usuario registrado con exito.
Resgistro del usuario 19
	id con el que se compara: 1
	id con el que se compara: 2
	id con el que se compara: 3
	id con el que se compara: 4
	id con el que se compara: 5
	id con el que se compara: 6
	id con el que se compara: 7
	id con el que se compara: 8
	id con el que se compara: 9
	id con el que se compara: 10
	id con el que se compara: 11
	id con el que se compara: 12
	id con el que se compara: 13
	id con el que se compara: 14
	id con el que se compara: 15
	id con el que se compara: 16
	id con el que se compara: 17
	id con el que se compara: 18
	Usuario registrado con exito.
Resgistro del usuario 20
	id con el que se compara: 1
	id con el que se compara: 2
	id con el que se compara: 3
	id con el que se compara: 4
	id con el que se compara: 5
	id con el que se compara: 6
	id con el que se compara: 7
	id con el que se compara: 8
	id con el que se compara: 9
	id con el que se compara: 10
	id con el que se compara: 11
	id con el que se compara: 12
	id con el que se compara: 13
	id con el que se compara: 14
	id con el que se compara: 15
	id con el que se compara: 16
	id con el que se compara: 17
	id con el que se compara: 18
	id con el que se compara: 19
	Usuario registrado con exito.
Resgistro del usuario 21
	id con el que se compara: 1
	id con el que se compara: 2
	id con el que se compara: 3
	id con el que se compara: 4
	id con el que se compara: 5
	id con el que se compara: 6
	id con el que se compara: 7
	id con el que se compara: 8
	id con el que se compara: 9
	id con el que se compara: 10
	id con el que se compara: 11
	id con el que se compara: 12
	id con el que se compara: 13
	id con el que se compara: 14
	id con el que se compara: 15
	id con el que se compara: 16
	id con el que se compara: 17
	id con el que se compara: 18
	id con el que se compara: 19
	id con el que se compara: 20
	Usuario registrado con exito.
Resgistro del usuario 22
	id con el que se compara: 1
	id con el que se compara: 2
	id con el que se compara: 3
	id con el que se compara: 4
	id con el que se compara: 5
	id con el que se compara: 6
	id con el que se compara: 7
	id con el que se compara: 8
	id con el que se compara: 9
	id con el que se compara: 10
	id con el que se compara: 11
	id con el que se compara: 12
	id con el que se compara: 13
	id con el que se compara: 14
	id con el que se compara: 15
	id con el que se compara: 16
	id con el que se compara: 17
	id con el que se compara: 18
	id con el que se compara: 19
	id con el que se compara: 20
	id con el que se compara: 21
	Usuario registrado con exito.
Resgistro del usuario 23
	id con el que se compara: 1
	id con el que se compara: 2
	id con el que se compara: 3
	id con el que se compara: 4
	id con el que se compara: 5
	id con el que se compara: 6
	id con el que se compara: 7
	id con el que se compara: 8
	id con el que se compara: 9
	id con el que se compara: 10
	id con el que se compara: 11
	id con el que se compara: 12
	id con el que se compara: 13
	id con el que se compara: 14
	id con el que se compara: 15
	id con el que se compara: 16
	id con el que se compara: 17
	id con el que se compara: 18
	id con el que se compara: 19
	id con el que se compara: 20
	id con el que se compara: 21
	id con el que se compara: 22
	Usuario registrado con exito.
Resgistro del usuario 24
	id con el que se compara: 1
	id con el que se compara: 2
	id con el que se compara: 3
	id con el que se compara: 4
	id con el que se compara: 5
	id con el que se compara: 6
	id con el que se compara: 7
	id con el que se compara: 8
	id con el que se compara: 9
	id con el que se compara: 10
	id con el que se compara: 11
	id con el que se compara: 12
	id con el que se compara: 13
	id con el que se compara: 14
	id con el que se compara: 15
	id con el que se compara: 16
	id con el que se compara: 17
	id con el que se compara: 18
	id con el que se compara: 19
	id con el que se compara: 20
	id con el que se compara: 21
	id con el que se compara: 22
	id con el que se compara: 23
	Usuario registrado con exito.
Resgistro del usuario 25
	id con el que se compara: 1
	id con el que se compara: 2
	id con el que se compara: 3
	id con el que se compara: 4
	id con el que se compara: 5
	id con el que se compara: 6
	id con el que se compara: 7
	id con el que se compara: 8
	id con el que se compara: 9
	id con el que se compara: 10
	id con el que se compara: 11
	id con el que se compara: 12
	id con el que se compara: 13
	id con el que se compara: 14
	id con el que se compara: 15
	id con el que se compara: 16
	id con el que se compara: 17
	id con el que se compara: 18
	id con el que se compara: 19
	id con el que se compara: 20
	id con el que se compara: 21
	id con el que se compara: 22
	id con el que se compara: 23
	id con el que se compara: 24
	Usuario registrado con exito.
Resgistro del usuario 26
	id con el que se compara: 1
	id con el que se compara: 2
	id con el que se compara: 3
	id con el que se compara: 4
	id con el que se compara: 5
	id con el que se compara: 6
	id con el que se compara: 7
	id con el que se compara: 8
	id con el que se compara: 9
	id con el que se compara: 10
	id con el que se compara: 11
	id con el que se compara: 12
	id con el que se compara: 13
	id con el que se compara: 14
	id con el que se compara: 15
	id con el que se compara: 16
	id con el que se compara: 17
	id con el que se compara: 18
	id con el que se compara: 19
	id con el que se compara: 20
	id con el que se compara: 21
	id con el que se compara: 22
	id con el que se compara: 23
	id con el que se compara: 24
	id con el que se compara: 25
	Usuario registrado con exito.
Resgistro del usuario 27
	id con el que se compara: 1
	id con el que se compara: 2
	id con el que se compara: 3
	id con el que se compara: 4
	id con el que se compara: 5
	id con el que se compara: 6
	id con el que se compara: 7
	id con el que se compara: 8
	id con el que se compara: 9
	id con el que se compara: 10
	id con el que se compara: 11
	id con el que se compara: 12
	id con el que se compara: 13
	id con el que se compara: 14
	id con el que se compara: 15
	id con el que se compara: 16
	id con el que se compara: 17
	id con el que se compara: 18
	id con el que se compara: 19
	id con el que se compara: 20
	id con el que se compara: 21
	id con el que se compara: 22
	id con el que se compara: 23
	id con el que se compara: 24
	id con el que se compara: 25
	id con el que se compara: 26
	Usuario registrado con exito.
Resgistro del usuario 28
	id con el que se compara: 1
	id con el que se compara: 2
	id con el que se compara: 3
	id con el que se compara: 4
	id con el que se compara: 5
	id con el que se compara: 6
	id con el que se compara: 7
	id con el que se compara: 8
	id con el que se compara: 9
	id con el que se compara: 10
	id con el que se compara: 11
	id con el que se compara: 12
	id con el que se compara: 13
	id con el que se compara: 14
	id con el que se compara: 15
	id con el que se compara: 16
	id con el que se compara: 17
	id con el que se compara: 18
	id con el que se compara: 19
	id con el que se compara: 20
	id con el que se compara: 21
	id con el que se compara: 22
	id con el que se compara: 23
	id con el que se compara: 24
	id con el que se compara: 25
	id con el que se compara: 26
	id con el que se compara: 27
	Usuario registrado con exito.
Resgistro del usuario 29
	id con el que se compara: 1
	id con el que se compara: 2
	id con el que se compara: 3
	id con el que se compara: 4
	id con el que se compara: 5
	id con el que se compara: 6
	id con el que se compara: 7
	id con el que se compara: 8
	id con el que se compara: 9
	id con el que se compara: 10
	id con el que se compara: 11
	id con el que se compara: 12
	id con el que se compara: 13
	id con el que se compara: 14
	id con el que se compara: 15
	id con el que se compara: 16
	id con el que se compara: 17
	id con el que se compara: 18
	id con el que se compara: 19
	id con el que se compara: 20
	id con el que se compara: 21
	id con el que se compara: 22
	id con el que se compara: 23
	id con el que se compara: 24
	id con el que se compara: 25
	id con el que se compara: 26
	id con el que se compara: 27
	id con el que se compara: 28
	Usuario registrado con exito.
Resgistro del usuario 30
	id con el que se compara: 1
	id con el que se compara: 2
	id con el que se compara: 3
	id con el que se compara: 4
	id con el que se compara: 5
	id con el que se compara: 6
	id con el que se compara: 7
	id con el que se compara: 8
	id con el que se compara: 9
	id con el que se compara: 10
	id con el que se compara: 11
	id con el que se compara: 12
	id con el que se compara: 13
	id con el que se compara: 14
	id con el que se compara: 15
	id con el que se compara: 16
	id con el que se compara: 17
	id con el que se compara: 18
	id con el que se compara: 19
	id con el que se compara: 20
	id con el que se compara: 21
	id con el que se compara: 22
	id con el que se compara: 23
	id con el que se compara: 24
	id con el que se compara: 25
	id con el que se compara: 26
	id con el que se compara: 27
	id con el que se compara: 28
	id con el que se compara: 29
	Usuario registrado con exito.
Resgistro del usuario 31
	id con el que se compara: 1
	id con el que se compara: 2
	id con el que se compara: 3
	id con el que se compara: 4
	id con el que se compara: 5
	id con el que se compara: 6
	id con el que se compara: 7
	id con el que se compara: 8
	id con el que se compara: 9
	id con el que se compara: 10
	id con el que se compara: 11
	id con el que se compara: 12
	id con el que se compara: 13
	id con el que se compara: 14
	id con el que se compara: 15
	id con el que se compara: 16
	id con el que se compara: 17
	id con el que se compara: 18
	id con el que se compara: 19
	id con el que se compara: 20
	id con el que se compara: 21
	id con el que se compara: 22
	id con el que se compara: 23
	id con el que se compara: 24
	id con el que se compara: 25
	id con el que se compara: 26
	id con el que se compara: 27
	id con el que se compara: 28
	id con el que se compara: 29
	id con el que se compara: 30
	Usuario registrado con exito.
Resgistro del usuario 32
	id con el que se compara: 1
	id con el que se compara: 2
	id con el que se compara: 3
	id con el que se compara: 4
	id con el que se compara: 5
	id con el que se compara: 6
	id con el que se compara: 7
	id con el que se compara: 8
	id con el que se compara: 9
	id con el que se compara: 10
	id con el que se compara: 11
	id con el que se compara: 12
	id con el que se compara: 13
	id con el que se compara: 14
	id con el que se compara: 15
	id con el que se compara: 16
	id con el que se compara: 17
	id con el que se compara: 18
	id con el que se compara: 19
	id con el que se compara: 20
	id con el que se compara: 21
	id con el que se compara: 22
	id con el que se compara: 23
	id con el que se compara: 24
	id con el que se compara: 25
	id con el que se compara: 26
	id con el que se compara: 27
	id con el que se compara: 28
	id con el que se compara: 29
	id con el que se compara: 30
	id con el que se compara: 31
	Usuario registrado con exito.
Resgistro del usuario 33
	id con el que se compara: 1
	id con el que se compara: 2
	id con el que se compara: 3
	id con el que se compara: 4
	id con el que se compara: 5
	id con el que se compara: 6
	id con el que se compara: 7
	id con el que se compara: 8
	id con el que se compara: 9
	id con el que se compara: 10
	id con el que se compara: 11
	id con el que se compara: 12
	id con el que se compara: 13
	id con el que se compara: 14
	id con el que se compara: 15
	id con el que se compara: 16
	id con el que se compara: 17
	id con el que se compara: 18
	id con el que se compara: 19
	id con el que se compara: 20
	id con el que se compara: 21
	id con el que se compara: 22
	id con el que se compara: 23
	id con el que se compara: 24
	id con el que se compara: 25
	id con el que se compara: 26
	id con el que se compara: 27
	id con el que se compara: 28
	id con el que se compara: 29
	id con el que se compara: 30
	id con el que se compara: 31
	id con el que se compara: 32
	Usuario registrado con exito.
Resgistro del usuario 34
	id con el que se compara: 1
	id con el que se compara: 2
	id con el que se compara: 3
	id con el que se compara: 4
	id con el que se compara: 5
	id con el que se compara: 6
	id con el que se compara: 7
	id con el que se compara: 8
	id con el que se compara: 9
	id con el que se compara: 10
	id con el que se compara: 11
	id con el que se compara: 12
	id con el que se compara: 13
	id con el que se compara: 14
	id con el que se compara: 15
	id con el que se compara: 16
	id con el que se compara: 17
	id con el que se compara: 18
	id con el que se compara: 19
	id con el que se compara: 20
	id con el que se compara: 21
	id con el que se compara: 22
	id con el que se compara: 23
	id con el que se compara: 24
	id con el que se compara: 25
	id con el que se compara: 26
	id con el que se compara: 27
	id con el que se compara: 28
	id con el que se compara: 29
	id con el que se compara: 30
	id con el que se compara: 31
	id con el que se compara: 32
	id con el que se compara: 33
	Usuario registrado con exito.
Resgistro del usuario 35
	id con el que se compara: 1
	id con el que se compara: 2
	id con el que se compara: 3
	id con el que se compara: 4
	id con el que se compara: 5
	id con el que se compara: 6
	id con el que se compara: 7
	id con el que se compara: 8
	id con el que se compara: 9
	id con el que se compara: 10
	id con el que se compara: 11
	id con el que se compara: 12
	id con el que se compara: 13
	id con el que se compara: 14
	id con el que se compara: 15
	id con el que se compara: 16
	id con el que se compara: 17
	id con el que se compara: 18
	id con el que se compara: 19
	id con el que se compara: 20
	id con el que se compara: 21
	id con el que se compara: 22
	id con el que se compara: 23
	id con el que se compara: 24
	id con el que se compara: 25
	id con el que se compara: 26
	id con el que se compara: 27
	id con el que se compara: 28
	id con el que se compara: 29
	id con el que se compara: 30
	id con el que se compara: 31
	id con el que se compara: 32
	id con el que se compara: 33
	id con el que se compara: 34
	Usuario registrado con exito.
Resgistro del usuario 36
	id con el que se compara: 1
	id con el que se compara: 2
	id con el que se compara: 3
	id con el que se compara: 4
	id con el que se compara: 5
	id con el que se compara: 6
	id con el que se compara: 7
	id con el que se compara: 8
	id con el que se compara: 9
	id con el que se compara: 10
	id con el que se compara: 11
	id con el que se compara: 12
	id con el que se compara: 13
	id con el que se compara: 14
	id con el que se compara: 15
	id con el que se compara: 16
	id con el que se compara: 17
	id con el que se compara: 18
	id con el que se compara: 19
	id con el que se compara: 20
	id con el que se compara: 21
	id con el que se compara: 22
	id con el que se compara: 23
	id con el que se compara: 24
	id con el que se compara: 25
	id con el que se compara: 26
	id con el que se compara: 27
	id con el que se compara: 28
	id con el que se compara: 29
	id con el que se compara: 30
	id con el que se compara: 31
	id con el que se compara: 32
	id con el que se compara: 33
	id con el que se compara: 34
	id con el que se compara: 35
	Usuario registrado con exito.
Resgistro del usuario 37
	id con el que se compara: 1
	id con el que se compara: 2
	id con el que se compara: 3
	id con el que se compara: 4
	id con el que se compara: 5
	id con el que se compara: 6
	id con el que se compara: 7
	id con el que se compara: 8
	id con el que se compara: 9
	id con el que se compara: 10
	id con el que se compara: 11
	id con el que se compara: 12
	id con el que se compara: 13
	id con el que se compara: 14
	id con el que se compara: 15
	id con el que se compara: 16
	id con el que se compara: 17
	id con el que se compara: 18
	id con el que se compara: 19
	id con el que se compara: 20
	id con el que se compara: 21
	id con el que se compara: 22
	id con el que se compara: 23
	id con el que se compara: 24
	id con el que se compara: 25
	id con el que se compara: 26
	id con el que se compara: 27
	id con el que se compara: 28
	id con el que se compara: 29
	id con el que se compara: 30
	id con el que se compara: 31
	id con el que se compara: 32
	id con el que se compara: 33
	id con el que se compara: 34
	id con el que se compara: 35
	id con el que se compara: 36
	Usuario registrado con exito.
Resgistro del usuario 38
	id con el que se compara: 1
	id con el que se compara: 2
	id con el que se compara: 3
	id con el que se compara: 4
	id con el que se compara: 5
	id con el que se compara: 6
	id con el que se compara: 7
	id con el que se compara: 8
	id con el que se compara: 9
	id con el que se compara: 10
	id con el que se compara: 11
	id con el que se compara: 12
	id con el que se compara: 13
	id con el que se compara: 14
	id con el que se compara: 15
	id con el que se compara: 16
	id con el que se compara: 17
	id con el que se compara: 18
	id con el que se compara: 19
	id con el que se compara: 20
	id con el que se compara: 21
	id con el que se compara: 22
	id con el que se compara: 23
	id con el que se compara: 24
	id con el que se compara: 25
	id con el que se compara: 26
	id con el que se compara: 27
	id con el que se compara: 28
	id con el que se compara: 29
	id con el que se compara: 30
	id con el que se compara: 31
	id con el que se compara: 32
	id con el que se compara: 33
	id con el que se compara: 34
	id con el que se compara: 35
	id con el que se compara: 36
	id con el que se compara: 37
	Usuario registrado con exito.
Resgistro del usuario 39
	id con el que se compara: 1
	id con el que se compara: 2
	id con el que se compara: 3
	id con el que se compara: 4
	id con el que se compara: 5
	id con el que se compara: 6
	id con el que se compara: 7
	id con el que se compara: 8
	id con el que se compara: 9
	id con el que se compara: 10
	id con el que se compara: 11
	id con el que se compara: 12
	id con el que se compara: 13
	id con el que se compara: 14
	id con el que se compara: 15
	id con el que se compara: 16
	id con el que se compara: 17
	id con el que se compara: 18
	id con el que se compara: 19
	id con el que se compara: 20
	id con el que se compara: 21
	id con el que se compara: 22
	id con el que se compara: 23
	id con el que se compara: 24
	id con el que se compara: 25
	id con el que se compara: 26
	id con el que se compara: 27
	id con el que se compara: 28
	id con el que se compara: 29
	id con el que se compara: 30
	id con el que se compara: 31
	id con el que se compara: 32
	id con el que se compara: 33
	id con el que se compara: 34
	id con el que se compara: 35
	id con el que se compara: 36
	id con el que se compara: 37
	id con el que se compara: 38
	Usuario registrado con exito.
Resgistro del usuario 40
	id con el que se compara: 1
	id con el que se compara: 2
	id con el que se compara: 3
	id con el que se compara: 4
	id con el que se compara: 5
	id con el que se compara: 6
	id con el que se compara: 7
	id con el que se compara: 8
	id con el que se compara: 9
	id con el que se compara: 10
	id con el que se compara: 11
	id con el que se compara: 12
	id con el que se compara: 13
	id con el que se compara: 14
	id con el que se compara: 15
	id con el que se compara: 16
	id con el que se compara: 17
	id con el que se compara: 18
	id con el que se compara: 19
	id con el que se compara: 20
	id con el que se compara: 21
	id con el que se compara: 22
	id con el que se compara: 23
	id con el que se compara: 24
	id con el que se compara: 25
	id con el que se compara: 26
	id con el que se compara: 27
	id con el que se compara: 28
	id con el que se compara: 29
	id con el que se compara: 30
	id con el que se compara: 31
	id con el que se compara: 32
	id con el que se compara: 33
	id con el que se compara: 34
	id con el que se compara: 35
	id con el que se compara: 36
	id con el que se compara: 37
	id con el que se compara: 38
	id con el que se compara: 39
	Usuario registrado con exito.
Resgistro del usuario 41
	id con el que se compara: 1
	id con el que se compara: 2
	id con el que se compara: 3
	id con el que se compara: 4
	id con el que se compara: 5
	id con el que se compara: 6
	id con el que se compara: 7
	id con el que se compara: 8
	id con el que se compara: 9
	id con el que se compara: 10
	id con el que se compara: 11
	id con el que se compara: 12
	id con el que se compara: 13
	id con el que se compara: 14
	id con el que se compara: 15
	id con el que se compara: 16
	id con el que se compara: 17
	id con el que se compara: 18
	id con el que se compara: 19
	id con el que se compara: 20
	id con el que se compara: 21
	id con el que se compara: 22
	id con el que se compara: 23
	id con el que se compara: 24
	id con el que se compara: 25
	id con el que se compara: 26
	id con el que se compara: 27
	id con el que se compara: 28
	id con el que se compara: 29
	id con el que se compara: 30
	id con el que se compara: 31
	id con el que se compara: 32
	id con el que se compara: 33
	id con el que se compara: 34
	id con el que se compara: 35
	id con el que se compara: 36
	id con el que se compara: 37
	id con el que se compara: 38
	id con el que se compara: 39
	id con el que se compara: 40
	Usuario registrado con exito.
Resgistro del usuario 42
	id con el que se compara: 1
	id con el que se compara: 2
	id con el que se compara: 3
	id con el que se compara: 4
	id con el que se compara: 5
	id con el que se compara: 6
	id con el que se compara: 7
	id con el que se compara: 8
	id con el que se compara: 9
	id con el que se compara: 10
	id con el que se compara: 11
	id con el que se compara: 12
	id con el que se compara: 13
	id con el que se compara: 14
	id con el que se compara: 15
	id con el que se compara: 16
	id con el que se compara: 17
	id con el que se compara: 18
	id con el que se compara: 19
	id con el que se compara: 20
	id con el que se compara: 21
	id con el que se compara: 22
	id con el que se compara: 23
	id con el que se compara: 24
	id con el que se compara: 25
	id con el que se compara: 26
	id con el que se compara: 27
	id con el que se compara: 28
	id con el que se compara: 29
	id con el que se compara: 30
	id con el que se compara: 31
	id con el que se compara: 32
	id con el que se compara: 33
	id con el que se compara: 34
	id con el que se compara: 35
	id con el que se compara: 36
	id con el que se compara: 37
	id con el que se compara: 38
	id con el que se compara: 39
	id con el que se compara: 40
	id con el que se compara: 41
	Usuario registrado con exito.
Resgistro del usuario 43
	id con el que se compara: 1
	id con el que se compara: 2
	id con el que se compara: 3
	id con el que se compara: 4
	id con el que se compara: 5
	id con el que se compara: 6
	id con el que se compara: 7
	id con el que se compara: 8
	id con el que se compara: 9
	id con el que se compara: 10
	id con el que se compara: 11
	id con el que se compara: 12
	id con el que se compara: 13
	id con el que se compara: 14
	id con el que se compara: 15
	id con el que se compara: 16
	id con el que se compara: 17
	id con el que se compara: 18
	id con el que se compara: 19
	id con el que se compara: 20
	id con el que se compara: 21
	id con el que se compara: 22
	id con el que se compara: 23
	id con el que se compara: 24
	id con el que se compara: 25
	id con el que se compara: 26
	id con el que se compara: 27
	id con el que se compara: 28
	id con el que se compara: 29
	id con el que se compara: 30
	id con el que se compara: 31
	id con el que se compara: 32
	id con el que se compara: 33
	id con el que se compara: 34
	id con el que se compara: 35
	id con el que se compara: 36
	id con el que se compara: 37
	id con el que se compara: 38
	id con el que se compara: 39
	id con el que se compara: 40
	id con el que se compara: 41
	id con el que se compara: 42
	Usuario registrado con exito.
Resgistro del usuario 44
	id con el que se compara: 1
	id con el que se compara: 2
	id con el que se compara: 3
	id con el que se compara: 4
	id con el que se compara: 5
	id con el que se compara: 6
	id con el que se compara: 7
	id con el que se compara: 8
	id con el que se compara: 9
	id con el que se compara: 10
	id con el que se compara: 11
	id con el que se compara: 12
	id con el que se compara: 13
	id con el que se compara: 14
	id con el que se compara: 15
	id con el que se compara: 16
	id con el que se compara: 17
	id con el que se compara: 18
	id con el que se compara: 19
	id con el que se compara: 20
	id con el que se compara: 21
	id con el que se compara: 22
	id con el que se compara: 23
	id con el que se compara: 24
	id con el que se compara: 25
	id con el que se compara: 26
	id con el que se compara: 27
	id con el que se compara: 28
	id con el que se compara: 29
	id con el que se compara: 30
	id con el que se compara: 31
	id con el que se compara: 32
	id con el que se compara: 33
	id con el que se compara: 34
	id con el que se compara: 35
	id con el que se compara: 36
	id con el que se compara: 37
	id con el que se compara: 38
	id con el que se compara: 39
	id con el que se compara: 40
	id con el que se compara: 41
	id con el que se compara: 42
	id con el que se compara: 43
	Usuario registrado con exito.
Resgistro del usuario 45
	id con el que se compara: 1
	id con el que se compara: 2
	id con el que se compara: 3
	id con el que se compara: 4
	id con el que se compara: 5
	id con el que se compara: 6
	id con el que se compara: 7
	id con el que se compara: 8
	id con el que se compara: 9
	id con el que se compara: 10
	id con el que se compara: 11
	id con el que se compara: 12
	id con el que se compara: 13
	id con el que se compara: 14
	id con el que se compara: 15
	id con el que se compara: 16
	id con el que se compara: 17
	id con el que se compara: 18
	id con el que se compara: 19
	id con el que se compara: 20
	id con el que se compara: 21
	id con el que se compara: 22
	id con el que se compara: 23
	id con el que se compara: 24
	id con el que se compara: 25
	id con el que se compara: 26
	id con el que se compara: 27
	id con el que se compara: 28
	id con el que se compara: 29
	id con el que se compara: 30
	id con el que se compara: 31
	id con el que se compara: 32
	id con el que se compara: 33
	id con el que se compara: 34
	id con el que se compara: 35
	id con el que se compara: 36
	id con el que se compara: 37
	id con el que se compara: 38
	id con el que se compara: 39
	id con el que se compara: 40
	id con el que se compara: 41
	id con el que se compara: 42
	id con el que se compara: 43
	id con el que se compara: 44
	Usuario registrado con exito.
Resgistro del usuario 46
	id con el que se compara: 1
	id con el que se compara: 2
	id con el que se compara: 3
	id con el que se compara: 4
	id con el que se compara: 5
	id con el que se compara: 6
	id con el que se compara: 7
	id con el que se compara: 8
	id con el que se compara: 9
	id con el que se compara: 10
	id con el que se compara: 11
	id con el que se compara: 12
	id con el que se compara: 13
	id con el que se compara: 14
	id con el que se compara: 15
	id con el que se compara: 16
	id con el que se compara: 17
	id con el que se compara: 18
	id con el que se compara: 19
	id con el que se compara: 20
	id con el que se compara: 21
	id con el que se compara: 22
	id con el que se compara: 23
	id con el que se compara: 24
	id con el que se compara: 25
	id con el que se compara: 26
	id con el que se compara: 27
	id con el que se compara: 28
	id con el que se compara: 29
	id con el que se compara: 30
	id con el que se compara: 31
	id con el que se compara: 32
	id con el que se compara: 33
	id con el que se compara: 34
	id con el que se compara: 35
	id con el que se compara: 36
	id con el que se compara: 37
	id con el que se compara: 38
	id con el que se compara: 39
	id con el que se compara: 40
	id con el que se compara: 41
	id con el que se compara: 42
	id con el que se compara: 43
	id con el que se compara: 44
	id con el que se compara: 45
	Usuario registrado con exito.
Resgistro del usuario 47
	id con el que se compara: 1
	id con el que se compara: 2
	id con el que se compara: 3
	id con el que se compara: 4
	id con el que se compara: 5
	id con el que se compara: 6
	id con el que se compara: 7
	id con el que se compara: 8
	id con el que se compara: 9
	id con el que se compara: 10
	id con el que se compara: 11
	id con el que se compara: 12
	id con el que se compara: 13
	id con el que se compara: 14
	id con el que se compara: 15
	id con el que se compara: 16
	id con el que se compara: 17
	id con el que se compara: 18
	id con el que se compara: 19
	id con el que se compara: 20
	id con el que se compara: 21
	id con el que se compara: 22
	id con el que se compara: 23
	id con el que se compara: 24
	id con el que se compara: 25
	id con el que se compara: 26
	id con el que se compara: 27
	id con el que se compara: 28
	id con el que se compara: 29
	id con el que se compara: 30
	id con el que se compara: 31
	id con el que se compara: 32
	id con el que se compara: 33
	id con el que se compara: 34
	id con el que se compara: 35
	id con el que se compara: 36
	id con el que se compara: 37
	id con el que se compara: 38
	id con el que se compara: 39
	id con el que se compara: 40
	id con el que se compara: 41
	id con el que se compara: 42
	id con el que se compara: 43
	id con el que se compara: 44
	id con el que se compara: 45
	id con el que se compara: 46
	Usuario registrado con exito.
Resgistro del usuario 48
	id con el que se compara: 1
	id con el que se compara: 2
	id con el que se compara: 3
	id con el que se compara: 4
	id con el que se compara: 5
	id con el que se compara: 6
	id con el que se compara: 7
	id con el que se compara: 8
	id con el que se compara: 9
	id con el que se compara: 10
	id con el que se compara: 11
	id con el que se compara: 12
	id con el que se compara: 13
	id con el que se compara: 14
	id con el que se compara: 15
	id con el que se compara: 16
	id con el que se compara: 17
	id con el que se compara: 18
	id con el que se compara: 19
	id con el que se compara: 20
	id con el que se compara: 21
	id con el que se compara: 22
	id con el que se compara: 23
	id con el que se compara: 24
	id con el que se compara: 25
	id con el que se compara: 26
	id con el que se compara: 27
	id con el que se compara: 28
	id con el que se compara: 29
	id con el que se compara: 30
	id con el que se compara: 31
	id con el que se compara: 32
	id con el que se compara: 33
	id con el que se compara: 34
	id con el que se compara: 35
	id con el que se compara: 36
	id con el que se compara: 37
	id con el que se compara: 38
	id con el que se compara: 39
	id con el que se compara: 40
	id con el que se compara: 41
	id con el que se compara: 42
	id con el que se compara: 43
	id con el que se compara: 44
	id con el que se compara: 45
	id con el que se compara: 46
	id con el que se compara: 47
	Usuario registrado con exito.
Resgistro del usuario 49
	id con el que se compara: 1
	id con el que se compara: 2
	id con el que se compara: 3
	id con el que se compara: 4
	id con el que se compara: 5
	id con el que se compara: 6
	id con el que se compara: 7
	id con el que se compara: 8
	id con el que se compara: 9
	id con el que se compara: 10
	id con el que se compara: 11
	id con el que se compara: 12
	id con el que se compara: 13
	id con el que se compara: 14
	id con el que se compara: 15
	id con el que se compara: 16
	id con el que se compara: 17
	id con el que se compara: 18
	id con el que se compara: 19
	id con el que se compara: 20
	id con el que se compara: 21
	id con el que se compara: 22
	id con el que se compara: 23
	id con el que se compara: 24
	id con el que se compara: 25
	id con el que se compara: 26
	id con el que se compara: 27
	id con el que se compara: 28
	id con el que se compara: 29
	id con el que se compara: 30
	id con el que se compara: 31
	id con el que se compara: 32
	id con el que se compara: 33
	id con el que se compara: 34
	id con el que se compara: 35
	id con el que se compara: 36
	id con el que se compara: 37
	id con el que se compara: 38
	id con el que se compara: 39
	id con el que se compara: 40
	id con el que se compara: 41
	id con el que se compara: 42
	id con el que se compara: 43
	id con el que se compara: 44
	id con el que se compara: 45
	id con el que se compara: 46
	id con el que se compara: 47
	id con el que se compara: 48
	Usuario registrado con exito.
Resgistro del usuario 50
	id con el que se compara: 1
	id con el que se compara: 2
	id con el que se compara: 3
	id con el que se compara: 4
	id con el que se compara: 5
	id con el que se compara: 6
	id con el que se compara: 7
	id con el que se compara: 8
	id con el que se compara: 9
	id con el que se compara: 10
	id con el que se compara: 11
	id con el que se compara: 12
	id con el que se compara: 13
	id con el que se compara: 14
	id con el que se compara: 15
	id con el que se compara: 16
	id con el que se compara: 17
	id con el que se compara: 18
	id con el que se compara: 19
	id con el que se compara: 20
	id con el que se compara: 21
	id con el que se compara: 22
	id con el que se compara: 23
	id con el que se compara: 24
	id con el que se compara: 25
	id con el que se compara: 26
	id con el que se compara: 27
	id con el que se compara: 28
	id con el que se compara: 29
	id con el que se compara: 30
	id con el que se compara: 31
	id con el que se compara: 32
	id con el que se compara: 33
	id con el que se compara: 34
	id con el que se compara: 35
	id con el que se compara: 36
	id con el que se compara: 37
	id con el que se compara: 38
	id con el que se compara: 39
	id con el que se compara: 40
	id con el que se compara: 41
	id con el que se compara: 42
	id con el que se compara: 43
	id con el que se compara: 44
	id con el que se compara: 45
	id con el que se compara: 46
	id con el que se compara: 47
	id con el que se compara: 48
	id con el que se compara: 49
	Usuario registrado con exito.
Resgistro del usuario 51
	id con el que se compara: 1
	id con el que se compara: 2
	id con el que se compara: 3
	id con el que se compara: 4
	id con el que se compara: 5
	id con el que se compara: 6
	id con el que se compara: 7
	id con el que se compara: 8
	id con el que se compara: 9
	id con el que se compara: 10
	id con el que se compara: 11
	id con el que se compara: 12
	id con el que se compara: 13
	id con el que se compara: 14
	id con el que se compara: 15
	id con el que se compara: 16
	id con el que se compara: 17
	id con el que se compara: 18
	id con el que se compara: 19
	id con el que se compara: 20
	id con el que se compara: 21
	id con el que se compara: 22
	id con el que se compara: 23
	id con el que se compara: 24
	id con el que se compara: 25
	id con el que se compara: 26
	id con el que se compara: 27
	id con el que se compara: 28
	id con el que se compara: 29
	id con el que se compara: 30
	id con el que se compara: 31
	id con el que se compara: 32
	id con el que se compara: 33
	id con el que se compara: 34
	id con el que se compara: 35
	id con el que se compara: 36
	id con el que se compara: 37
	id con el que se compara: 38
	id con el que se compara: 39
	id con el que se compara: 40
	id con el que se compara: 41
	id con el que se compara: 42
	id con el que se compara: 43
	id con el que se compara: 44
	id con el que se compara: 45
	id con el que se compara: 46
	id con el que se compara: 47
	id con el que se compara: 48
	id con el que se compara: 49
	id con el que se compara: 50
	Usuario registrado con exito.
Resgistro del usuario 52
	id con el que se compara: 1
	id con el que se compara: 2
	id con el que se compara: 3
	id con el que se compara: 4
	id con el que se compara: 5
	id con el que se compara: 6
	id con el que se compara: 7
	id con el que se compara: 8
	id con el que se compara: 9
	id con el que se compara: 10
	id con el que se compara: 11
	id con el que se compara: 12
	id con el que se compara: 13
	id con el que se compara: 14
	id con el que se compara: 15
	id con el que se compara: 16
	id con el que se compara: 17
	id con el que se compara: 18
	id con el que se compara: 19
	id con el que se compara: 20
	id con el que se compara: 21
	id con el que se compara: 22
	id con el que se compara: 23
	id con el que se compara: 24
	id con el que se compara: 25
	id con el que se compara: 26
	id con el que se compara: 27
	id con el que se compara: 28
	id con el que se compara: 29
	id con el que se compara: 30
	id con el que se compara: 31
	id con el que se compara: 32
	id con el que se compara: 33
	id con el que se compara: 34
	id con el que se compara: 35
	id con el que se compara: 36
	id con el que se compara: 37
	id con el que se compara: 38
	id con el que se compara: 39
	id con el que se compara: 40
	id con el que se compara: 41
	id con el que se compara: 42
	id con el que se compara: 43
	id con el que se compara: 44
	id con el que se compara: 45
	id con el que se compara: 46
	id con el que se compara: 47
	id con el que se compara: 48
	id con el que se compara: 49
	id con el que se compara: 50
	id con el que se compara: 51
	Usuario registrado con exito.
Resgistro del usuario 53
	id con el que se compara: 1
	id con el que se compara: 2
	id con el que se compara: 3
	id con el que se compara: 4
	id con el que se compara: 5
	id con el que se compara: 6
	id con el que se compara: 7
	id con el que se compara: 8
	id con el que se compara: 9
	id con el que se compara: 10
	id con el que se compara: 11
	id con el que se compara: 12
	id con el que se compara: 13
	id con el que se compara: 14
	id con el que se compara: 15
	id con el que se compara: 16
	id con el que se compara: 17
	id con el que se compara: 18
	id con el que se compara: 19
	id con el que se compara: 20
	id con el que se compara: 21
	id con el que se compara: 22
	id con el que se compara: 23
	id con el que se compara: 24
	id con el que se compara: 25
	id con el que se compara: 26
	id con el que se compara: 27
	id con el que se compara: 28
	id con el que se compara: 29
	id con el que se compara: 30
	id con el que se compara: 31
	id con el que se compara: 32
	id con el que se compara: 33
	id con el que se compara: 34
	id con el que se compara: 35
	id con el que se compara: 36
	id con el que se compara: 37
	id con el que se compara: 38
	id con el que se compara: 39
	id con el que se compara: 40
	id con el que se compara: 41
	id con el que se compara: 42
	id con el que se compara: 43
	id con el que se compara: 44
	id con el que se compara: 45
	id con el que se compara: 46
	id con el que se compara: 47
	id con el que se compara: 48
	id con el que se compara: 49
	id con el que se compara: 50
	id con el que se compara: 51
	id con el que se compara: 52
	Usuario registrado con exito.
Resgistro del usuario 54
	id con el que se compara: 1
	id con el que se compara: 2
	id con el que se compara: 3
	id con el que se compara: 4
	id con el que se compara: 5
	id con el que se compara: 6
	id con el que se compara: 7
	id con el que se compara: 8
	id con el que se compara: 9
	id con el que se compara: 10
	id con el que se compara: 11
	id con el que se compara: 12
	id con el que se compara: 13
	id con el que se compara: 14
	id con el que se compara: 15
	id con el que se compara: 16
	id con el que se compara: 17
	id con el que se compara: 18
	id con el que se compara: 19
	id con el que se compara: 20
	id con el que se compara: 21
	id con el que se compara: 22
	id con el que se compara: 23
	id con el que se compara: 24
	id con el que se compara: 25
	id con el que se compara: 26
	id con el que se compara: 27
	id con el que se compara: 28
	id con el que se compara: 29
	id con el que se compara: 30
	id con el que se compara: 31
	id con el que se compara: 32
	id con el que se compara: 33
	id con el que se compara: 34
	id con el que se compara: 35
	id con el que se compara: 36
	id con el que se compara: 37
	id con el que se compara: 38
	id con el que se compara: 39
	id con el que se compara: 40
	id con el que se compara: 41
	id con el que se compara: 42
	id con el que se compara: 43
	id con el que se compara: 44
	id con el que se compara: 45
	id con el que se compara: 46
	id con el que se compara: 47
	id con el que se compara: 48
	id con el que se compara: 49
	id con el que se compara: 50
	id con el que se compara: 51
	id con el que se compara: 52
	id con el que se compara: 53
	Usuario registrado con exito.
Resgistro del usuario 55
	id con el que se compara: 1
	id con el que se compara: 2
	id con el que se compara: 3
	id con el que se compara: 4
	id con el que se compara: 5
	id con el que se compara: 6
	id con el que se compara: 7
	id con el que se compara: 8
	id con el que se compara: 9
	id con el que se compara: 10
	id con el que se compara: 11
	id con el que se compara: 12
	id con el que se compara: 13
	id con el que se compara: 14
	id con el que se compara: 15
	id con el que se compara: 16
	id con el que se compara: 17
	id con el que se compara: 18
	id con el que se compara: 19
	id con el que se compara: 20
	id con el que se compara: 21
	id con el que se compara: 22
	id con el que se compara: 23
	id con el que se compara: 24
	id con el que se compara: 25
	id con el que se compara: 26
	id con el que se compara: 27
	id con el que se compara: 28
	id con el que se compara: 29
	id con el que se compara: 30
	id con el que se compara: 31
	id con el que se compara: 32
	id con el que se compara: 33
	id con el que se compara: 34
	id con el que se compara: 35
	id con el que se compara: 36
	id con el que se compara: 37
	id con el que se compara: 38
	id con el que se compara: 39
	id con el que se compara: 40
	id con el que se compara: 41
	id con el que se compara: 42
	id con el que se compara: 43
	id con el que se compara: 44
	id con el que se compara: 45
	id con el que se compara: 46
	id con el que se compara: 47
	id con el que se compara: 48
	id con el que se compara: 49
	id con el que se compara: 50
	id con el que se compara: 51
	id con el que se compara: 52
	id con el que se compara: 53
	id con el que se compara: 54
	Usuario registrado con exito.
Resgistro del usuario 56
	id con el que se compara: 1
	id con el que se compara: 2
	id con el que se compara: 3
	id con el que se compara: 4
	id con el que se compara: 5
	id con el que se compara: 6
	id con el que se compara: 7
	id con el que se compara: 8
	id con el que se compara: 9
	id con el que se compara: 10
	id con el que se compara: 11
	id con el que se compara: 12
	id con el que se compara: 13
	id con el que se compara: 14
	id con el que se compara: 15
	id con el que se compara: 16
	id con el que se compara: 17
	id con el que se compara: 18
	id con el que se compara: 19
	id con el que se compara: 20
	id con el que se compara: 21
	id con el que se compara: 22
	id con el que se compara: 23
	id con el que se compara: 24
	id con el que se compara: 25
	id con el que se compara: 26
	id con el que se compara: 27
	id con el que se compara: 28
	id con el que se compara: 29
	id con el que se compara: 30
	id con el que se compara: 31
	id con el que se compara: 32
	id con el que se compara: 33
	id con el que se compara: 34
	id con el que se compara: 35
	id con el que se compara: 36
	id con el que se compara: 37
	id con el que se compara: 38
	id con el que se compara: 39
	id con el que se compara: 40
	id con el que se compara: 41
	id con el que se compara: 42
	id con el que se compara: 43
	id con el que se compara: 44
	id con el que se compara: 45
	id con el que se compara: 46
	id con el que se compara: 47
	id con el que se compara: 48
	id con el que se compara: 49
	id con el que se compara: 50
	id con el que se compara: 51
	id con el que se compara: 52
	id con el que se compara: 53
	id con el que se compara: 54
	id con el que se compara: 55
	Usuario registrado con exito.
Resgistro del usuario 57
	id con el que se compara: 1
	id con el que se compara: 2
	id con el que se compara: 3
	id con el que se compara: 4
	id con el que se compara: 5
	id con el que se compara: 6
	id con el que se compara: 7
	id con el que se compara: 8
	id con el que se compara: 9
	id con el que se compara: 10
	id con el que se compara: 11
	id con el que se compara: 12
	id con el que se compara: 13
	id con el que se compara: 14
	id con el que se compara: 15
	id con el que se compara: 16
	id con el que se compara: 17
	id con el que se compara: 18
	id con el que se compara: 19
	id con el que se compara: 20
	id con el que se compara: 21
	id con el que se compara: 22
	id con el que se compara: 23
	id con el que se compara: 24
	id con el que se compara: 25
	id con el que se compara: 26
	id con el que se compara: 27
	id con el que se compara: 28
	id con el que se compara: 29
	id con el que se compara: 30
	id con el que se compara: 31
	id con el que se compara: 32
	id con el que se compara: 33
	id con el que se compara: 34
	id con el que se compara: 35
	id con el que se compara: 36
	id con el que se compara: 37
	id con el que se compara: 38
	id con el que se compara: 39
	id con el que se compara: 40
	id con el que se compara: 41
	id con el que se compara: 42
	id con el que se compara: 43
	id con el que se compara: 44
	id con el que se compara: 45
	id con el que se compara: 46
	id con el que se compara: 47
	id con el que se compara: 48
	id con el que se compara: 49
	id con el que se compara: 50
	id con el que se compara: 51
	id con el que se compara: 52
	id con el que se compara: 53
	id con el que se compara: 54
	id con el que se compara: 55
	id con el que se compara: 56
	Usuario registrado con exito.
Resgistro del usuario 58
	id con el que se compara: 1
	id con el que se compara: 2
	id con el que se compara: 3
	id con el que se compara: 4
	id con el que se compara: 5
	id con el que se compara: 6
	id con el que se compara: 7
	id con el que se compara: 8
	id con el que se compara: 9
	id con el que se compara: 10
	id con el que se compara: 11
	id con el que se compara: 12
	id con el que se compara: 13
	id con el que se compara: 14
	id con el que se compara: 15
	id con el que se compara: 16
	id con el que se compara: 17
	id con el que se compara: 18
	id con el que se compara: 19
	id con el que se compara: 20
	id con el que se compara: 21
	id con el que se compara: 22
	id con el que se compara: 23
	id con el que se compara: 24
	id con el que se compara: 25
	id con el que se compara: 26
	id con el que se compara: 27
	id con el que se compara: 28
	id con el que se compara: 29
	id con el que se compara: 30
	id con el que se compara: 31
	id con el que se compara: 32
	id con el que se compara: 33
	id con el que se compara: 34
	id con el que se compara: 35
	id con el que se compara: 36
	id con el que se compara: 37
	id con el que se compara: 38
	id con el que se compara: 39
	id con el que se compara: 40
	id con el que se compara: 41
	id con el que se compara: 42
	id con el que se compara: 43
	id con el que se compara: 44
	id con el que se compara: 45
	id con el que se compara: 46
	id con el que se compara: 47
	id con el que se compara: 48
	id con el que se compara: 49
	id con el que se compara: 50
	id con el que se compara: 51
	id con el que se compara: 52
	id con el que se compara: 53
	id con el que se compara: 54
	id con el que se compara: 55
	id con el que se compara: 56
	id con el que se compara: 57
	Usuario registrado con exito.
Resgistro del usuario 59
	id con el que se compara: 1
	id con el que se compara: 2
	id con el que se compara: 3
	id con el que se compara: 4
	id con el que se compara: 5
	id con el que se compara: 6
	id con el que se compara: 7
	id con el que se compara: 8
	id con el que se compara: 9
	id con el que se compara: 10
	id con el que se compara: 11
	id con el que se compara: 12
	id con el que se compara: 13
	id con el que se compara: 14
	id con el que se compara: 15
	id con el que se compara: 16
	id con el que se compara: 17
	id con el que se compara: 18
	id con el que se compara: 19
	id con el que se compara: 20
	id con el que se compara: 21
	id con el que se compara: 22
	id con el que se compara: 23
	id con el que se compara: 24
	id con el que se compara: 25
	id con el que se compara: 26
	id con el que se compara: 27
	id con el que se compara: 28
	id con el que se compara: 29
	id con el que se compara: 30
	id con el que se compara: 31
	id con el que se compara: 32
	id con el que se compara: 33
	id con el que se compara: 34
	id con el que se compara: 35
	id con el que se compara: 36
	id con el que se compara: 37
	id con el que se compara: 38
	id con el que se compara: 39
	id con el que se compara: 40
	id con el que se compara: 41
	id con el que se compara: 42
	id con el que se compara: 43
	id con el que se compara: 44
	id con el que se compara: 45
	id con el que se compara: 46
	id con el que se compara: 47
	id con el que se compara: 48
	id con el que se compara: 49
	id con el que se compara: 50
	id con el que se compara: 51
	id con el que se compara: 52
	id con el que se compara: 53
	id con el que se compara: 54
	id con el que se compara: 55
	id con el que se compara: 56
	id con el que se compara: 57
	id con el que se compara: 58
	Usuario registrado con exito.
Resgistro del usuario 60
	id con el que se compara: 1
	id con el que se compara: 2
	id con el que se compara: 3
	id con el que se compara: 4
	id con el que se compara: 5
	id con el que se compara: 6
	id con el que se compara: 7
	id con el que se compara: 8
	id con el que se compara: 9
	id con el que se compara: 10
	id con el que se compara: 11
	id con el que se compara: 12
	id con el que se compara: 13
	id con el que se compara: 14
	id con el que se compara: 15
	id con el que se compara: 16
	id con el que se compara: 17
	id con el que se compara: 18
	id con el que se compara: 19
	id con el que se compara: 20
	id con el que se compara: 21
	id con el que se compara: 22
	id con el que se compara: 23
	id con el que se compara: 24
	id con el que se compara: 25
	id con el que se compara: 26
	id con el que se compara: 27
	id con el que se compara: 28
	id con el que se compara: 29
	id con el que se compara: 30
	id con el que se compara: 31
	id con el que se compara: 32
	id con el que se compara: 33
	id con el que se compara: 34
	id con el que se compara: 35
	id con el que se compara: 36
	id con el que se compara: 37
	id con el que se compara: 38
	id con el que se compara: 39
	id con el que se compara: 40
	id con el que se compara: 41
	id con el que se compara: 42
	id con el que se compara: 43
	id con el que se compara: 44
	id con el que se compara: 45
	id con el que se compara: 46
	id con el que se compara: 47
	id con el que se compara: 48
	id con el que se compara: 49
	id con el que se compara: 50
	id con el que se compara: 51
	id con el que se compara: 52
	id con el que se compara: 53
	id con el que se compara: 54
	id con el que se compara: 55
	id con el que se compara: 56
	id con el que se compara: 57
	id con el que se compara: 58
	id con el que se compara: 59
	Usuario registrado con exito.
Resgistro del usuario 61
	id con el que se compara: 1
	id con el que se compara: 2
	id con el que se compara: 3
	id con el que se compara: 4
	id con el que se compara: 5
	id con el que se compara: 6
	id con el que se compara: 7
	id con el que se compara: 8
	id con el que se compara: 9
	id con el que se compara: 10
	id con el que se compara: 11
	id con el que se compara: 12
	id con el que se compara: 13
	id con el que se compara: 14
	id con el que se compara: 15
	id con el que se compara: 16
	id con el que se compara: 17
	id con el que se compara: 18
	id con el que se compara: 19
	id con el que se compara: 20
	id con el que se compara: 21
	id con el que se compara: 22
	id con el que se compara: 23
	id con el que se compara: 24
	id con el que se compara: 25
	id con el que se compara: 26
	id con el que se compara: 27
	id con el que se compara: 28
	id con el que se compara: 29
	id con el que se compara: 30
	id con el que se compara: 31
	id con el que se compara: 32
	id con el que se compara: 33
	id con el que se compara: 34
	id con el que se compara: 35
	id con el que se compara: 36
	id con el que se compara: 37
	id con el que se compara: 38
	id con el que se compara: 39
	id con el que se compara: 40
	id con el que se compara: 41
	id con el que se compara: 42
	id con el que se compara: 43
	id con el que se compara: 44
	id con el que se compara: 45
	id con el que se compara: 46
	id con el que se compara: 47
	id con el que se compara: 48
	id con el que se compara: 49
	id con el que se compara: 50
	id con el que se compara: 51
	id con el que se compara: 52
	id con el que se compara: 53
	id con el que se compara: 54
	id con el que se compara: 55
	id con el que se compara: 56
	id con el que se compara: 57
	id con el que se compara: 58
	id con el que se compara: 59
	id con el que se compara: 60
	Usuario registrado con exito.
Resgistro del usuario 62
	id con el que se compara: 1
	id con el que se compara: 2
	id con el que se compara: 3
	id con el que se compara: 4
	id con el que se compara: 5
	id con el que se compara: 6
	id con el que se compara: 7
	id con el que se compara: 8
	id con el que se compara: 9
	id con el que se compara: 10
	id con el que se compara: 11
	id con el que se compara: 12
	id con el que se compara: 13
	id con el que se compara: 14
	id con el que se compara: 15
	id con el que se compara: 16
	id con el que se compara: 17
	id con el que se compara: 18
	id con el que se compara: 19
	id con el que se compara: 20
	id con el que se compara: 21
	id con el que se compara: 22
	id con el que se compara: 23
	id con el que se compara: 24
	id con el que se compara: 25
	id con el que se compara: 26
	id con el que se compara: 27
	id con el que se compara: 28
	id con el que se compara: 29
	id con el que se compara: 30
	id con el que se compara: 31
	id con el que se compara: 32
	id con el que se compara: 33
	id con el que se compara: 34
	id con el que se compara: 35
	id con el que se compara: 36
	id con el que se compara: 37
	id con el que se compara: 38
	id con el que se compara: 39
	id con el que se compara: 40
	id con el que se compara: 41
	id con el que se compara: 42
	id con el que se compara: 43
	id con el que se compara: 44
	id con el que se compara: 45
	id con el que se compara: 46
	id con el que se compara: 47
	id con el que se compara: 48
	id con el que se compara: 49
	id con el que se compara: 50
	id con el que se compara: 51
	id con el que se compara: 52
	id con el que se compara: 53
	id con el que se compara: 54
	id con el que se compara: 55
	id con el que se compara: 56
	id con el que se compara: 57
	id con el que se compara: 58
	id con el que se compara: 59
	id con el que se compara: 60
	id con el que se compara: 61
	Usuario registrado con exito.
Resgistro del usuario 63
	id con el que se compara: 1
	id con el que se compara: 2
	id con el que se compara: 3
	id con el que se compara: 4
	id con el que se compara: 5
	id con el que se compara: 6
	id con el que se compara: 7
	id con el que se compara: 8
	id con el que se compara: 9
	id con el que se compara: 10
	id con el que se compara: 11
	id con el que se compara: 12
	id con el que se compara: 13
	id con el que se compara: 14
	id con el que se compara: 15
	id con el que se compara: 16
	id con el que se compara: 17
	id con el que se compara: 18
	id con el que se compara: 19
	id con el que se compara: 20
	id con el que se compara: 21
	id con el que se compara: 22
	id con el que se compara: 23
	id con el que se compara: 24
	id con el que se compara: 25
	id con el que se compara: 26
