13:59:14.693 [main] INFO  nttdatacenters_logback_t1_VCA.App - Resgistro del usuario 1
13:59:14.696 [main] ERROR nttdatacenters_logback_t1_VCA.App - No existe ningun archivo con registros de usuarios....CREANDO
13:59:14.697 [main] INFO  nttdatacenters_logback_t1_VCA.App - Usuario registrado con exito.
13:59:14.697 [main] INFO  nttdatacenters_logback_t1_VCA.App - Resgistro del usuario 1
13:59:14.698 [main] ERROR nttdatacenters_logback_t1_VCA.App - El usuario ya esta registrado.
13:59:14.698 [main] INFO  nttdatacenters_logback_t1_VCA.App - Resgistro del usuario 2
13:59:14.698 [main] INFO  nttdatacenters_logback_t1_VCA.App - Usuario registrado con exito.
13:59:14.698 [main] INFO  nttdatacenters_logback_t1_VCA.App - Resgistro del usuario 3
13:59:14.700 [main] INFO  nttdatacenters_logback_t1_VCA.App - Usuario registrado con exito.
13:59:14.700 [main] INFO  nttdatacenters_logback_t1_VCA.App - Resgistro del usuario 4
13:59:14.700 [main] INFO  nttdatacenters_logback_t1_VCA.App - Usuario registrado con exito.
13:59:14.700 [main] INFO  nttdatacenters_logback_t1_VCA.App - Resgistro del usuario 5
13:59:14.701 [main] INFO  nttdatacenters_logback_t1_VCA.App - Usuario registrado con exito.
13:59:14.701 [main] INFO  nttdatacenters_logback_t1_VCA.App - Resgistro del usuario 6
13:59:14.701 [main] INFO  nttdatacenters_logback_t1_VCA.App - Usuario registrado con exito.
13:59:14.702 [main] INFO  nttdatacenters_logback_t1_VCA.App - Resgistro del usuario 7
13:59:14.702 [main] INFO  nttdatacenters_logback_t1_VCA.App - Usuario registrado con exito.
13:59:14.702 [main] INFO  nttdatacenters_logback_t1_VCA.App - Resgistro del usuario 8
13:59:14.703 [main] INFO  nttdatacenters_logback_t1_VCA.App - Usuario registrado con exito.
13:59:14.703 [main] INFO  nttdatacenters_logback_t1_VCA.App - Resgistro del usuario 9
13:59:14.703 [main] INFO  nttdatacenters_logback_t1_VCA.App - Usuario registrado con exito.
13:59:14.703 [main] INFO  nttdatacenters_logback_t1_VCA.App - Resgistro del usuario 10
13:59:14.704 [main] INFO  nttdatacenters_logback_t1_VCA.App - Usuario registrado con exito.
13:59:14.704 [main] INFO  nttdatacenters_logback_t1_VCA.App - Resgistro del usuario 11
13:59:14.704 [main] INFO  nttdatacenters_logback_t1_VCA.App - Usuario registrado con exito.
13:59:14.705 [main] INFO  nttdatacenters_logback_t1_VCA.App - Resgistro del usuario 12
13:59:14.705 [main] INFO  nttdatacenters_logback_t1_VCA.App - Usuario registrado con exito.
13:59:14.705 [main] INFO  nttdatacenters_logback_t1_VCA.App - Resgistro del usuario 13
13:59:14.706 [main] INFO  nttdatacenters_logback_t1_VCA.App - Usuario registrado con exito.
13:59:14.706 [main] INFO  nttdatacenters_logback_t1_VCA.App - Resgistro del usuario 14
13:59:14.707 [main] INFO  nttdatacenters_logback_t1_VCA.App - Usuario registrado con exito.
13:59:14.707 [main] INFO  nttdatacenters_logback_t1_VCA.App - Resgistro del usuario 15
13:59:14.707 [main] INFO  nttdatacenters_logback_t1_VCA.App - Usuario registrado con exito.
13:59:14.707 [main] INFO  nttdatacenters_logback_t1_VCA.App - Resgistro del usuario 16
13:59:14.708 [main] INFO  nttdatacenters_logback_t1_VCA.App - Usuario registrado con exito.
13:59:14.709 [main] INFO  nttdatacenters_logback_t1_VCA.App - Resgistro del usuario 17
13:59:14.709 [main] INFO  nttdatacenters_logback_t1_VCA.App - Usuario registrado con exito.
13:59:14.709 [main] INFO  nttdatacenters_logback_t1_VCA.App - Resgistro del usuario 18
13:59:14.710 [main] INFO  nttdatacenters_logback_t1_VCA.App - Usuario registrado con exito.
13:59:14.710 [main] INFO  nttdatacenters_logback_t1_VCA.App - Resgistro del usuario 19
13:59:14.710 [main] INFO  nttdatacenters_logback_t1_VCA.App - Usuario registrado con exito.
13:59:14.710 [main] INFO  nttdatacenters_logback_t1_VCA.App - Resgistro del usuario 20
13:59:14.711 [main] INFO  nttdatacenters_logback_t1_VCA.App - Usuario registrado con exito.
13:59:14.711 [main] INFO  nttdatacenters_logback_t1_VCA.App - Resgistro del usuario 21
13:59:14.711 [main] INFO  nttdatacenters_logback_t1_VCA.App - Usuario registrado con exito.
13:59:14.712 [main] INFO  nttdatacenters_logback_t1_VCA.App - Resgistro del usuario 22
13:59:14.712 [main] INFO  nttdatacenters_logback_t1_VCA.App - Usuario registrado con exito.
13:59:14.712 [main] INFO  nttdatacenters_logback_t1_VCA.App - Resgistro del usuario 23
13:59:14.713 [main] INFO  nttdatacenters_logback_t1_VCA.App - Usuario registrado con exito.
13:59:14.713 [main] INFO  nttdatacenters_logback_t1_VCA.App - Resgistro del usuario 24
13:59:14.714 [main] INFO  nttdatacenters_logback_t1_VCA.App - Usuario registrado con exito.
13:59:14.714 [main] INFO  nttdatacenters_logback_t1_VCA.App - Resgistro del usuario 25
13:59:14.714 [main] INFO  nttdatacenters_logback_t1_VCA.App - Usuario registrado con exito.
13:59:14.714 [main] INFO  nttdatacenters_logback_t1_VCA.App - Resgistro del usuario 26
13:59:14.715 [main] INFO  nttdatacenters_logback_t1_VCA.App - Usuario registrado con exito.
13:59:14.715 [main] INFO  nttdatacenters_logback_t1_VCA.App - Resgistro del usuario 27
13:59:14.716 [main] INFO  nttdatacenters_logback_t1_VCA.App - Usuario registrado con exito.
13:59:14.716 [main] INFO  nttdatacenters_logback_t1_VCA.App - Resgistro del usuario 28
13:59:14.716 [main] INFO  nttdatacenters_logback_t1_VCA.App - Usuario registrado con exito.
13:59:14.717 [main] INFO  nttdatacenters_logback_t1_VCA.App - Resgistro del usuario 29
13:59:14.717 [main] INFO  nttdatacenters_logback_t1_VCA.App - Usuario registrado con exito.
13:59:14.717 [main] INFO  nttdatacenters_logback_t1_VCA.App - Resgistro del usuario 30
13:59:14.718 [main] INFO  nttdatacenters_logback_t1_VCA.App - Usuario registrado con exito.
13:59:14.718 [main] INFO  nttdatacenters_logback_t1_VCA.App - Resgistro del usuario 31
13:59:14.718 [main] INFO  nttdatacenters_logback_t1_VCA.App - Usuario registrado con exito.
13:59:14.718 [main] INFO  nttdatacenters_logback_t1_VCA.App - Resgistro del usuario 32
13:59:14.719 [main] INFO  nttdatacenters_logback_t1_VCA.App - Usuario registrado con exito.
13:59:14.719 [main] INFO  nttdatacenters_logback_t1_VCA.App - Resgistro del usuario 33
13:59:14.719 [main] INFO  nttdatacenters_logback_t1_VCA.App - Usuario registrado con exito.
13:59:14.720 [main] INFO  nttdatacenters_logback_t1_VCA.App - Resgistro del usuario 34
13:59:14.720 [main] INFO  nttdatacenters_logback_t1_VCA.App - Usuario registrado con exito.
13:59:14.720 [main] INFO  nttdatacenters_logback_t1_VCA.App - Resgistro del usuario 35
13:59:14.721 [main] INFO  nttdatacenters_logback_t1_VCA.App - Usuario registrado con exito.
13:59:14.721 [main] INFO  nttdatacenters_logback_t1_VCA.App - Resgistro del usuario 36
13:59:14.721 [main] INFO  nttdatacenters_logback_t1_VCA.App - Usuario registrado con exito.
13:59:14.721 [main] INFO  nttdatacenters_logback_t1_VCA.App - Resgistro del usuario 37
13:59:14.722 [main] INFO  nttdatacenters_logback_t1_VCA.App - Usuario registrado con exito.
13:59:14.722 [main] INFO  nttdatacenters_logback_t1_VCA.App - Resgistro del usuario 38
13:59:14.722 [main] INFO  nttdatacenters_logback_t1_VCA.App - Usuario registrado con exito.
13:59:14.722 [main] INFO  nttdatacenters_logback_t1_VCA.App - Resgistro del usuario 39
13:59:14.723 [main] INFO  nttdatacenters_logback_t1_VCA.App - Usuario registrado con exito.
13:59:14.723 [main] INFO  nttdatacenters_logback_t1_VCA.App - Resgistro del usuario 40
13:59:14.723 [main] INFO  nttdatacenters_logback_t1_VCA.App - Usuario registrado con exito.
13:59:14.723 [main] INFO  nttdatacenters_logback_t1_VCA.App - Resgistro del usuario 41
13:59:14.724 [main] INFO  nttdatacenters_logback_t1_VCA.App - Usuario registrado con exito.
13:59:14.724 [main] INFO  nttdatacenters_logback_t1_VCA.App - Resgistro del usuario 42
13:59:14.725 [main] INFO  nttdatacenters_logback_t1_VCA.App - Usuario registrado con exito.
13:59:14.725 [main] INFO  nttdatacenters_logback_t1_VCA.App - Resgistro del usuario 43
13:59:14.725 [main] INFO  nttdatacenters_logback_t1_VCA.App - Usuario registrado con exito.
13:59:14.725 [main] INFO  nttdatacenters_logback_t1_VCA.App - Resgistro del usuario 44
13:59:14.726 [main] INFO  nttdatacenters_logback_t1_VCA.App - Usuario registrado con exito.
13:59:14.726 [main] INFO  nttdatacenters_logback_t1_VCA.App - Resgistro del usuario 45
13:59:14.727 [main] INFO  nttdatacenters_logback_t1_VCA.App - Usuario registrado con exito.
13:59:14.727 [main] INFO  nttdatacenters_logback_t1_VCA.App - Resgistro del usuario 46
13:59:14.727 [main] INFO  nttdatacenters_logback_t1_VCA.App - Usuario registrado con exito.
13:59:14.727 [main] INFO  nttdatacenters_logback_t1_VCA.App - Resgistro del usuario 47
13:59:14.728 [main] INFO  nttdatacenters_logback_t1_VCA.App - Usuario registrado con exito.
13:59:14.728 [main] INFO  nttdatacenters_logback_t1_VCA.App - Resgistro del usuario 48
13:59:14.729 [main] INFO  nttdatacenters_logback_t1_VCA.App - Usuario registrado con exito.
13:59:14.729 [main] INFO  nttdatacenters_logback_t1_VCA.App - Resgistro del usuario 49
13:59:14.729 [main] INFO  nttdatacenters_logback_t1_VCA.App - Usuario registrado con exito.
13:59:14.729 [main] INFO  nttdatacenters_logback_t1_VCA.App - Resgistro del usuario 50
13:59:14.730 [main] INFO  nttdatacenters_logback_t1_VCA.App - Usuario registrado con exito.
13:59:14.730 [main] INFO  nttdatacenters_logback_t1_VCA.App - Resgistro del usuario 51
13:59:14.730 [main] INFO  nttdatacenters_logback_t1_VCA.App - Usuario registrado con exito.
13:59:14.730 [main] INFO  nttdatacenters_logback_t1_VCA.App - Resgistro del usuario 52
13:59:14.731 [main] INFO  nttdatacenters_logback_t1_VCA.App - Usuario registrado con exito.
13:59:14.731 [main] INFO  nttdatacenters_logback_t1_VCA.App - Resgistro del usuario 53
13:59:14.732 [main] INFO  nttdatacenters_logback_t1_VCA.App - Usuario registrado con exito.
13:59:14.732 [main] INFO  nttdatacenters_logback_t1_VCA.App - Resgistro del usuario 54
13:59:14.732 [main] INFO  nttdatacenters_logback_t1_VCA.App - Usuario registrado con exito.
13:59:14.733 [main] INFO  nttdatacenters_logback_t1_VCA.App - Resgistro del usuario 55
13:59:14.733 [main] INFO  nttdatacenters_logback_t1_VCA.App - Usuario registrado con exito.
13:59:14.734 [main] INFO  nttdatacenters_logback_t1_VCA.App - Resgistro del usuario 56
13:59:14.734 [main] INFO  nttdatacenters_logback_t1_VCA.App - Usuario registrado con exito.
13:59:14.735 [main] INFO  nttdatacenters_logback_t1_VCA.App - Resgistro del usuario 57
13:59:14.735 [main] INFO  nttdatacenters_logback_t1_VCA.App - Usuario registrado con exito.
13:59:14.736 [main] INFO  nttdatacenters_logback_t1_VCA.App - Resgistro del usuario 58
13:59:14.736 [main] INFO  nttdatacenters_logback_t1_VCA.App - Usuario registrado con exito.
13:59:14.737 [main] INFO  nttdatacenters_logback_t1_VCA.App - Resgistro del usuario 59
13:59:14.737 [main] INFO  nttdatacenters_logback_t1_VCA.App - Usuario registrado con exito.
13:59:14.737 [main] INFO  nttdatacenters_logback_t1_VCA.App - Resgistro del usuario 60
13:59:14.738 [main] INFO  nttdatacenters_logback_t1_VCA.App - Usuario registrado con exito.
13:59:14.738 [main] INFO  nttdatacenters_logback_t1_VCA.App - Resgistro del usuario 61
13:59:14.739 [main] INFO  nttdatacenters_logback_t1_VCA.App - Usuario registrado con exito.
13:59:14.739 [main] INFO  nttdatacenters_logback_t1_VCA.App - Resgistro del usuario 62
13:59:14.740 [main] INFO  nttdatacenters_logback_t1_VCA.App - Usuario registrado con exito.
13:59:14.740 [main] INFO  nttdatacenters_logback_t1_VCA.App - Resgistro del usuario 63
13:59:14.741 [main] INFO  nttdatacenters_logback_t1_VCA.App - Usuario registrado con exito.
13:59:14.741 [main] INFO  nttdatacenters_logback_t1_VCA.App - Resgistro del usuario 64
13:59:14.742 [main] INFO  nttdatacenters_logback_t1_VCA.App - Usuario registrado con exito.
13:59:14.742 [main] INFO  nttdatacenters_logback_t1_VCA.App - Resgistro del usuario 65
13:59:14.743 [main] INFO  nttdatacenters_logback_t1_VCA.App - Usuario registrado con exito.
13:59:14.743 [main] INFO  nttdatacenters_logback_t1_VCA.App - Resgistro del usuario 66
13:59:14.744 [main] INFO  nttdatacenters_logback_t1_VCA.App - Usuario registrado con exito.
13:59:14.744 [main] INFO  nttdatacenters_logback_t1_VCA.App - Resgistro del usuario 67
13:59:14.745 [main] INFO  nttdatacenters_logback_t1_VCA.App - Usuario registrado con exito.
13:59:14.745 [main] INFO  nttdatacenters_logback_t1_VCA.App - Resgistro del usuario 68
13:59:14.746 [main] INFO  nttdatacenters_logback_t1_VCA.App - Usuario registrado con exito.
13:59:14.746 [main] INFO  nttdatacenters_logback_t1_VCA.App - Resgistro del usuario 69
13:59:14.747 [main] INFO  nttdatacenters_logback_t1_VCA.App - Usuario registrado con exito.
13:59:14.747 [main] INFO  nttdatacenters_logback_t1_VCA.App - Resgistro del usuario 70
13:59:14.748 [main] INFO  nttdatacenters_logback_t1_VCA.App - Usuario registrado con exito.
13:59:14.748 [main] INFO  nttdatacenters_logback_t1_VCA.App - Resgistro del usuario 71
13:59:14.749 [main] INFO  nttdatacenters_logback_t1_VCA.App - Usuario registrado con exito.
13:59:14.749 [main] INFO  nttdatacenters_logback_t1_VCA.App - Resgistro del usuario 72
13:59:14.749 [main] INFO  nttdatacenters_logback_t1_VCA.App - Usuario registrado con exito.
13:59:14.750 [main] INFO  nttdatacenters_logback_t1_VCA.App - Resgistro del usuario 73
13:59:14.750 [main] INFO  nttdatacenters_logback_t1_VCA.App - Usuario registrado con exito.
13:59:14.750 [main] INFO  nttdatacenters_logback_t1_VCA.App - Resgistro del usuario 74
13:59:14.751 [main] INFO  nttdatacenters_logback_t1_VCA.App - Usuario registrado con exito.
13:59:14.751 [main] INFO  nttdatacenters_logback_t1_VCA.App - Resgistro del usuario 75
13:59:14.751 [main] INFO  nttdatacenters_logback_t1_VCA.App - Usuario registrado con exito.
13:59:14.751 [main] INFO  nttdatacenters_logback_t1_VCA.App - Resgistro del usuario 76
13:59:14.752 [main] INFO  nttdatacenters_logback_t1_VCA.App - Usuario registrado con exito.
13:59:14.752 [main] INFO  nttdatacenters_logback_t1_VCA.App - Resgistro del usuario 77
13:59:14.752 [main] INFO  nttdatacenters_logback_t1_VCA.App - Usuario registrado con exito.
13:59:14.752 [main] INFO  nttdatacenters_logback_t1_VCA.App - Resgistro del usuario 78
13:59:14.753 [main] INFO  nttdatacenters_logback_t1_VCA.App - Usuario registrado con exito.
13:59:14.753 [main] INFO  nttdatacenters_logback_t1_VCA.App - Resgistro del usuario 79
13:59:14.754 [main] INFO  nttdatacenters_logback_t1_VCA.App - Usuario registrado con exito.
13:59:14.754 [main] INFO  nttdatacenters_logback_t1_VCA.App - Resgistro del usuario 80
13:59:14.754 [main] INFO  nttdatacenters_logback_t1_VCA.App - Usuario registrado con exito.
13:59:14.754 [main] INFO  nttdatacenters_logback_t1_VCA.App - Resgistro del usuario 81
13:59:14.755 [main] INFO  nttdatacenters_logback_t1_VCA.App - Usuario registrado con exito.
13:59:14.755 [main] INFO  nttdatacenters_logback_t1_VCA.App - Resgistro del usuario 82
13:59:14.755 [main] INFO  nttdatacenters_logback_t1_VCA.App - Usuario registrado con exito.
13:59:14.755 [main] INFO  nttdatacenters_logback_t1_VCA.App - Resgistro del usuario 83
13:59:14.756 [main] INFO  nttdatacenters_logback_t1_VCA.App - Usuario registrado con exito.
13:59:14.756 [main] INFO  nttdatacenters_logback_t1_VCA.App - Resgistro del usuario 84
13:59:14.757 [main] INFO  nttdatacenters_logback_t1_VCA.App - Usuario registrado con exito.
13:59:14.757 [main] INFO  nttdatacenters_logback_t1_VCA.App - Resgistro del usuario 85
13:59:14.757 [main] INFO  nttdatacenters_logback_t1_VCA.App - Usuario registrado con exito.
13:59:14.758 [main] INFO  nttdatacenters_logback_t1_VCA.App - Resgistro del usuario 86
13:59:14.758 [main] INFO  nttdatacenters_logback_t1_VCA.App - Usuario registrado con exito.
13:59:14.758 [main] INFO  nttdatacenters_logback_t1_VCA.App - Resgistro del usuario 87
13:59:14.759 [main] INFO  nttdatacenters_logback_t1_VCA.App - Usuario registrado con exito.
13:59:14.759 [main] INFO  nttdatacenters_logback_t1_VCA.App - Resgistro del usuario 88
13:59:14.759 [main] INFO  nttdatacenters_logback_t1_VCA.App - Usuario registrado con exito.
13:59:14.760 [main] INFO  nttdatacenters_logback_t1_VCA.App - Resgistro del usuario 89
13:59:14.760 [main] INFO  nttdatacenters_logback_t1_VCA.App - Usuario registrado con exito.
13:59:14.760 [main] INFO  nttdatacenters_logback_t1_VCA.App - Resgistro del usuario 90
13:59:14.761 [main] INFO  nttdatacenters_logback_t1_VCA.App - Usuario registrado con exito.
13:59:14.761 [main] INFO  nttdatacenters_logback_t1_VCA.App - Resgistro del usuario 91
13:59:14.761 [main] INFO  nttdatacenters_logback_t1_VCA.App - Usuario registrado con exito.
13:59:14.761 [main] INFO  nttdatacenters_logback_t1_VCA.App - Resgistro del usuario 92
13:59:14.762 [main] INFO  nttdatacenters_logback_t1_VCA.App - Usuario registrado con exito.
13:59:14.762 [main] INFO  nttdatacenters_logback_t1_VCA.App - Resgistro del usuario 93
13:59:14.762 [main] INFO  nttdatacenters_logback_t1_VCA.App - Usuario registrado con exito.
13:59:14.762 [main] INFO  nttdatacenters_logback_t1_VCA.App - Resgistro del usuario 94
13:59:14.763 [main] INFO  nttdatacenters_logback_t1_VCA.App - Usuario registrado con exito.
13:59:14.763 [main] INFO  nttdatacenters_logback_t1_VCA.App - Resgistro del usuario 95
13:59:14.763 [main] INFO  nttdatacenters_logback_t1_VCA.App - Usuario registrado con exito.
13:59:14.764 [main] INFO  nttdatacenters_logback_t1_VCA.App - Resgistro del usuario 96
13:59:14.764 [main] INFO  nttdatacenters_logback_t1_VCA.App - Usuario registrado con exito.
13:59:14.764 [main] INFO  nttdatacenters_logback_t1_VCA.App - Resgistro del usuario 97
13:59:14.765 [main] INFO  nttdatacenters_logback_t1_VCA.App - Usuario registrado con exito.
13:59:14.765 [main] INFO  nttdatacenters_logback_t1_VCA.App - Resgistro del usuario 98
13:59:14.766 [main] INFO  nttdatacenters_logback_t1_VCA.App - Usuario registrado con exito.
13:59:14.766 [main] INFO  nttdatacenters_logback_t1_VCA.App - Resgistro del usuario 99
13:59:14.766 [main] INFO  nttdatacenters_logback_t1_VCA.App - Usuario registrado con exito.
13:59:14.766 [main] INFO  nttdatacenters_logback_t1_VCA.App - Resgistro del usuario 100
13:59:14.767 [main] INFO  nttdatacenters_logback_t1_VCA.App - Usuario registrado con exito.
13:59:14.767 [main] INFO  nttdatacenters_logback_t1_VCA.App - Resgistro del usuario 101
13:59:14.768 [main] INFO  nttdatacenters_logback_t1_VCA.App - Usuario registrado con exito.
13:59:14.768 [main] INFO  nttdatacenters_logback_t1_VCA.App - Resgistro del usuario 102
13:59:14.768 [main] INFO  nttdatacenters_logback_t1_VCA.App - Usuario registrado con exito.
13:59:14.768 [main] INFO  nttdatacenters_logback_t1_VCA.App - Resgistro del usuario 103
13:59:14.769 [main] INFO  nttdatacenters_logback_t1_VCA.App - Usuario registrado con exito.
13:59:14.769 [main] INFO  nttdatacenters_logback_t1_VCA.App - Resgistro del usuario 104
13:59:14.770 [main] INFO  nttdatacenters_logback_t1_VCA.App - Usuario registrado con exito.
13:59:14.770 [main] INFO  nttdatacenters_logback_t1_VCA.App - Resgistro del usuario 105
13:59:14.771 [main] INFO  nttdatacenters_logback_t1_VCA.App - Usuario registrado con exito.
13:59:14.771 [main] INFO  nttdatacenters_logback_t1_VCA.App - Resgistro del usuario 106
13:59:14.771 [main] INFO  nttdatacenters_logback_t1_VCA.App - Usuario registrado con exito.
13:59:14.771 [main] INFO  nttdatacenters_logback_t1_VCA.App - Resgistro del usuario 107
13:59:14.772 [main] INFO  nttdatacenters_logback_t1_VCA.App - Usuario registrado con exito.
13:59:14.772 [main] INFO  nttdatacenters_logback_t1_VCA.App - Resgistro del usuario 108
13:59:14.772 [main] INFO  nttdatacenters_logback_t1_VCA.App - Usuario registrado con exito.
13:59:14.773 [main] INFO  nttdatacenters_logback_t1_VCA.App - Resgistro del usuario 109
13:59:14.773 [main] INFO  nttdatacenters_logback_t1_VCA.App - Usuario registrado con exito.
13:59:14.773 [main] INFO  nttdatacenters_logback_t1_VCA.App - Resgistro del usuario 110
13:59:14.774 [main] INFO  nttdatacenters_logback_t1_VCA.App - Usuario registrado con exito.
13:59:14.774 [main] INFO  nttdatacenters_logback_t1_VCA.App - Resgistro del usuario 111
13:59:14.774 [main] INFO  nttdatacenters_logback_t1_VCA.App - Usuario registrado con exito.
13:59:14.774 [main] INFO  nttdatacenters_logback_t1_VCA.App - Resgistro del usuario 112
13:59:14.775 [main] INFO  nttdatacenters_logback_t1_VCA.App - Usuario registrado con exito.
13:59:14.775 [main] INFO  nttdatacenters_logback_t1_VCA.App - Resgistro del usuario 113
13:59:14.776 [main] INFO  nttdatacenters_logback_t1_VCA.App - Usuario registrado con exito.
13:59:14.776 [main] INFO  nttdatacenters_logback_t1_VCA.App - Resgistro del usuario 114
13:59:14.776 [main] INFO  nttdatacenters_logback_t1_VCA.App - Usuario registrado con exito.
13:59:14.776 [main] INFO  nttdatacenters_logback_t1_VCA.App - Resgistro del usuario 115
13:59:14.777 [main] INFO  nttdatacenters_logback_t1_VCA.App - Usuario registrado con exito.
13:59:14.777 [main] INFO  nttdatacenters_logback_t1_VCA.App - Resgistro del usuario 116
13:59:14.777 [main] INFO  nttdatacenters_logback_t1_VCA.App - Usuario registrado con exito.
13:59:14.778 [main] INFO  nttdatacenters_logback_t1_VCA.App - Resgistro del usuario 117
13:59:14.778 [main] INFO  nttdatacenters_logback_t1_VCA.App - Usuario registrado con exito.
13:59:14.778 [main] INFO  nttdatacenters_logback_t1_VCA.App - Resgistro del usuario 118
13:59:14.779 [main] INFO  nttdatacenters_logback_t1_VCA.App - Usuario registrado con exito.
13:59:14.779 [main] INFO  nttdatacenters_logback_t1_VCA.App - Resgistro del usuario 119
13:59:14.779 [main] INFO  nttdatacenters_logback_t1_VCA.App - Usuario registrado con exito.
13:59:14.779 [main] INFO  nttdatacenters_logback_t1_VCA.App - Resgistro del usuario 120
13:59:14.780 [main] INFO  nttdatacenters_logback_t1_VCA.App - Usuario registrado con exito.
13:59:14.780 [main] INFO  nttdatacenters_logback_t1_VCA.App - Resgistro del usuario 121
13:59:14.781 [main] INFO  nttdatacenters_logback_t1_VCA.App - Usuario registrado con exito.
13:59:14.781 [main] INFO  nttdatacenters_logback_t1_VCA.App - Resgistro del usuario 122
13:59:14.781 [main] INFO  nttdatacenters_logback_t1_VCA.App - Usuario registrado con exito.
13:59:14.781 [main] INFO  nttdatacenters_logback_t1_VCA.App - Resgistro del usuario 123
13:59:14.782 [main] INFO  nttdatacenters_logback_t1_VCA.App - Usuario registrado con exito.
13:59:14.782 [main] INFO  nttdatacenters_logback_t1_VCA.App - Resgistro del usuario 124
13:59:14.782 [main] INFO  nttdatacenters_logback_t1_VCA.App - Usuario registrado con exito.
13:59:14.783 [main] INFO  nttdatacenters_logback_t1_VCA.App - Resgistro del usuario 125
13:59:14.783 [main] INFO  nttdatacenters_logback_t1_VCA.App - Usuario registrado con exito.
13:59:14.783 [main] INFO  nttdatacenters_logback_t1_VCA.App - Resgistro del usuario 126
13:59:14.784 [main] INFO  nttdatacenters_logback_t1_VCA.App - Usuario registrado con exito.
13:59:14.784 [main] INFO  nttdatacenters_logback_t1_VCA.App - Resgistro del usuario 127
13:59:14.785 [main] INFO  nttdatacenters_logback_t1_VCA.App - Usuario registrado con exito.
13:59:14.785 [main] INFO  nttdatacenters_logback_t1_VCA.App - Resgistro del usuario 128
13:59:14.785 [main] INFO  nttdatacenters_logback_t1_VCA.App - Usuario registrado con exito.
13:59:14.785 [main] INFO  nttdatacenters_logback_t1_VCA.App - Resgistro del usuario 129
13:59:14.786 [main] INFO  nttdatacenters_logback_t1_VCA.App - Usuario registrado con exito.
13:59:14.786 [main] INFO  nttdatacenters_logback_t1_VCA.App - Resgistro del usuario 130
13:59:14.786 [main] INFO  nttdatacenters_logback_t1_VCA.App - Usuario registrado con exito.
13:59:14.787 [main] INFO  nttdatacenters_logback_t1_VCA.App - Resgistro del usuario 131
13:59:14.787 [main] INFO  nttdatacenters_logback_t1_VCA.App - Usuario registrado con exito.
13:59:14.787 [main] INFO  nttdatacenters_logback_t1_VCA.App - Resgistro del usuario 132
13:59:14.788 [main] INFO  nttdatacenters_logback_t1_VCA.App - Usuario registrado con exito.
13:59:14.788 [main] INFO  nttdatacenters_logback_t1_VCA.App - Resgistro del usuario 133
13:59:14.788 [main] INFO  nttdatacenters_logback_t1_VCA.App - Usuario registrado con exito.
13:59:14.788 [main] INFO  nttdatacenters_logback_t1_VCA.App - Resgistro del usuario 134
13:59:14.789 [main] INFO  nttdatacenters_logback_t1_VCA.App - Usuario registrado con exito.
13:59:14.789 [main] INFO  nttdatacenters_logback_t1_VCA.App - Resgistro del usuario 135
13:59:14.790 [main] INFO  nttdatacenters_logback_t1_VCA.App - Usuario registrado con exito.
13:59:14.790 [main] INFO  nttdatacenters_logback_t1_VCA.App - Resgistro del usuario 136
13:59:14.790 [main] INFO  nttdatacenters_logback_t1_VCA.App - Usuario registrado con exito.
13:59:14.790 [main] INFO  nttdatacenters_logback_t1_VCA.App - Resgistro del usuario 137
13:59:14.791 [main] INFO  nttdatacenters_logback_t1_VCA.App - Usuario registrado con exito.
13:59:14.791 [main] INFO  nttdatacenters_logback_t1_VCA.App - Resgistro del usuario 138
13:59:14.791 [main] INFO  nttdatacenters_logback_t1_VCA.App - Usuario registrado con exito.
13:59:14.792 [main] INFO  nttdatacenters_logback_t1_VCA.App - Resgistro del usuario 139
13:59:14.792 [main] INFO  nttdatacenters_logback_t1_VCA.App - Usuario registrado con exito.
13:59:14.792 [main] INFO  nttdatacenters_logback_t1_VCA.App - Resgistro del usuario 140
13:59:14.793 [main] INFO  nttdatacenters_logback_t1_VCA.App - Usuario registrado con exito.
13:59:14.793 [main] INFO  nttdatacenters_logback_t1_VCA.App - Resgistro del usuario 141
13:59:14.793 [main] INFO  nttdatacenters_logback_t1_VCA.App - Usuario registrado con exito.
13:59:14.794 [main] INFO  nttdatacenters_logback_t1_VCA.App - Resgistro del usuario 142
13:59:14.794 [main] INFO  nttdatacenters_logback_t1_VCA.App - Usuario registrado con exito.
13:59:14.794 [main] INFO  nttdatacenters_logback_t1_VCA.App - Resgistro del usuario 143
13:59:14.795 [main] INFO  nttdatacenters_logback_t1_VCA.App - Usuario registrado con exito.
13:59:14.795 [main] INFO  nttdatacenters_logback_t1_VCA.App - Resgistro del usuario 144
13:59:14.795 [main] INFO  nttdatacenters_logback_t1_VCA.App - Usuario registrado con exito.
13:59:14.795 [main] INFO  nttdatacenters_logback_t1_VCA.App - Resgistro del usuario 145
13:59:14.796 [main] INFO  nttdatacenters_logback_t1_VCA.App - Usuario registrado con exito.
13:59:14.796 [main] INFO  nttdatacenters_logback_t1_VCA.App - Resgistro del usuario 146
13:59:14.796 [main] INFO  nttdatacenters_logback_t1_VCA.App - Usuario registrado con exito.
13:59:14.796 [main] INFO  nttdatacenters_logback_t1_VCA.App - Resgistro del usuario 147
13:59:14.797 [main] INFO  nttdatacenters_logback_t1_VCA.App - Usuario registrado con exito.
13:59:14.797 [main] INFO  nttdatacenters_logback_t1_VCA.App - Resgistro del usuario 148
13:59:14.797 [main] INFO  nttdatacenters_logback_t1_VCA.App - Usuario registrado con exito.
13:59:14.798 [main] INFO  nttdatacenters_logback_t1_VCA.App - Resgistro del usuario 149
13:59:14.798 [main] INFO  nttdatacenters_logback_t1_VCA.App - Usuario registrado con exito.
13:59:14.798 [main] INFO  nttdatacenters_logback_t1_VCA.App - Resgistro del usuario 150
13:59:14.799 [main] INFO  nttdatacenters_logback_t1_VCA.App - Usuario registrado con exito.
13:59:14.799 [main] INFO  nttdatacenters_logback_t1_VCA.App - Resgistro del usuario 151
13:59:14.799 [main] INFO  nttdatacenters_logback_t1_VCA.App - Usuario registrado con exito.
13:59:14.800 [main] INFO  nttdatacenters_logback_t1_VCA.App - Resgistro del usuario 152
13:59:14.800 [main] INFO  nttdatacenters_logback_t1_VCA.App - Usuario registrado con exito.
13:59:14.800 [main] INFO  nttdatacenters_logback_t1_VCA.App - Resgistro del usuario 153
13:59:14.801 [main] INFO  nttdatacenters_logback_t1_VCA.App - Usuario registrado con exito.
13:59:14.801 [main] INFO  nttdatacenters_logback_t1_VCA.App - Resgistro del usuario 154
13:59:14.801 [main] INFO  nttdatacenters_logback_t1_VCA.App - Usuario registrado con exito.
13:59:14.801 [main] INFO  nttdatacenters_logback_t1_VCA.App - Resgistro del usuario 155
13:59:14.802 [main] INFO  nttdatacenters_logback_t1_VCA.App - Usuario registrado con exito.
13:59:14.802 [main] INFO  nttdatacenters_logback_t1_VCA.App - Resgistro del usuario 156
13:59:14.802 [main] INFO  nttdatacenters_logback_t1_VCA.App - Usuario registrado con exito.
13:59:14.802 [main] INFO  nttdatacenters_logback_t1_VCA.App - Resgistro del usuario 157
13:59:14.803 [main] INFO  nttdatacenters_logback_t1_VCA.App - Usuario registrado con exito.
13:59:14.803 [main] INFO  nttdatacenters_logback_t1_VCA.App - Resgistro del usuario 158
13:59:14.804 [main] INFO  nttdatacenters_logback_t1_VCA.App - Usuario registrado con exito.
13:59:14.804 [main] INFO  nttdatacenters_logback_t1_VCA.App - Resgistro del usuario 159
13:59:14.804 [main] INFO  nttdatacenters_logback_t1_VCA.App - Usuario registrado con exito.
13:59:14.804 [main] INFO  nttdatacenters_logback_t1_VCA.App - Resgistro del usuario 160
13:59:14.805 [main] INFO  nttdatacenters_logback_t1_VCA.App - Usuario registrado con exito.
13:59:14.805 [main] INFO  nttdatacenters_logback_t1_VCA.App - Resgistro del usuario 161
13:59:14.805 [main] INFO  nttdatacenters_logback_t1_VCA.App - Usuario registrado con exito.
13:59:14.806 [main] INFO  nttdatacenters_logback_t1_VCA.App - Resgistro del usuario 162
13:59:14.806 [main] INFO  nttdatacenters_logback_t1_VCA.App - Usuario registrado con exito.
13:59:14.806 [main] INFO  nttdatacenters_logback_t1_VCA.App - Resgistro del usuario 163
13:59:14.807 [main] INFO  nttdatacenters_logback_t1_VCA.App - Usuario registrado con exito.
13:59:14.807 [main] INFO  nttdatacenters_logback_t1_VCA.App - Resgistro del usuario 164
13:59:14.808 [main] INFO  nttdatacenters_logback_t1_VCA.App - Usuario registrado con exito.
13:59:14.808 [main] INFO  nttdatacenters_logback_t1_VCA.App - Resgistro del usuario 165
13:59:14.808 [main] INFO  nttdatacenters_logback_t1_VCA.App - Usuario registrado con exito.
13:59:14.808 [main] INFO  nttdatacenters_logback_t1_VCA.App - Resgistro del usuario 166
13:59:14.808 [main] INFO  nttdatacenters_logback_t1_VCA.App - Usuario registrado con exito.
13:59:14.808 [main] INFO  nttdatacenters_logback_t1_VCA.App - Resgistro del usuario 167
13:59:14.810 [main] INFO  nttdatacenters_logback_t1_VCA.App - Usuario registrado con exito.
13:59:14.810 [main] INFO  nttdatacenters_logback_t1_VCA.App - Resgistro del usuario 168
13:59:14.810 [main] INFO  nttdatacenters_logback_t1_VCA.App - Usuario registrado con exito.
13:59:14.810 [main] INFO  nttdatacenters_logback_t1_VCA.App - Resgistro del usuario 169
13:59:14.810 [main] INFO  nttdatacenters_logback_t1_VCA.App - Usuario registrado con exito.
13:59:14.811 [main] INFO  nttdatacenters_logback_t1_VCA.App - Resgistro del usuario 170
13:59:14.811 [main] INFO  nttdatacenters_logback_t1_VCA.App - Usuario registrado con exito.
13:59:14.812 [main] INFO  nttdatacenters_logback_t1_VCA.App - Resgistro del usuario 171
13:59:14.812 [main] INFO  nttdatacenters_logback_t1_VCA.App - Usuario registrado con exito.
13:59:14.812 [main] INFO  nttdatacenters_logback_t1_VCA.App - Resgistro del usuario 172
13:59:14.813 [main] INFO  nttdatacenters_logback_t1_VCA.App - Usuario registrado con exito.
13:59:14.813 [main] INFO  nttdatacenters_logback_t1_VCA.App - Resgistro del usuario 173
13:59:14.814 [main] INFO  nttdatacenters_logback_t1_VCA.App - Usuario registrado con exito.
13:59:14.814 [main] INFO  nttdatacenters_logback_t1_VCA.App - Resgistro del usuario 174
13:59:14.815 [main] INFO  nttdatacenters_logback_t1_VCA.App - Usuario registrado con exito.
13:59:14.815 [main] INFO  nttdatacenters_logback_t1_VCA.App - Resgistro del usuario 175
13:59:14.815 [main] INFO  nttdatacenters_logback_t1_VCA.App - Usuario registrado con exito.
13:59:14.815 [main] INFO  nttdatacenters_logback_t1_VCA.App - Resgistro del usuario 176
13:59:14.816 [main] INFO  nttdatacenters_logback_t1_VCA.App - Usuario registrado con exito.
13:59:14.816 [main] INFO  nttdatacenters_logback_t1_VCA.App - Resgistro del usuario 177
13:59:14.817 [main] INFO  nttdatacenters_logback_t1_VCA.App - Usuario registrado con exito.
13:59:14.817 [main] INFO  nttdatacenters_logback_t1_VCA.App - Resgistro del usuario 178
13:59:14.817 [main] INFO  nttdatacenters_logback_t1_VCA.App - Usuario registrado con exito.
13:59:14.817 [main] INFO  nttdatacenters_logback_t1_VCA.App - Resgistro del usuario 179
13:59:14.818 [main] INFO  nttdatacenters_logback_t1_VCA.App - Usuario registrado con exito.
13:59:14.818 [main] INFO  nttdatacenters_logback_t1_VCA.App - Resgistro del usuario 180
13:59:14.819 [main] INFO  nttdatacenters_logback_t1_VCA.App - Usuario registrado con exito.
13:59:14.819 [main] INFO  nttdatacenters_logback_t1_VCA.App - Resgistro del usuario 181
13:59:14.819 [main] INFO  nttdatacenters_logback_t1_VCA.App - Usuario registrado con exito.
13:59:14.821 [main] INFO  nttdatacenters_logback_t1_VCA.App - Resgistro del usuario 182
13:59:14.821 [main] INFO  nttdatacenters_logback_t1_VCA.App - Usuario registrado con exito.
13:59:14.821 [main] INFO  nttdatacenters_logback_t1_VCA.App - Resgistro del usuario 183
13:59:14.821 [main] INFO  nttdatacenters_logback_t1_VCA.App - Usuario registrado con exito.
13:59:14.821 [main] INFO  nttdatacenters_logback_t1_VCA.App - Resgistro del usuario 184
13:59:14.823 [main] INFO  nttdatacenters_logback_t1_VCA.App - Usuario registrado con exito.
13:59:14.823 [main] INFO  nttdatacenters_logback_t1_VCA.App - Resgistro del usuario 185
13:59:14.823 [main] INFO  nttdatacenters_logback_t1_VCA.App - Usuario registrado con exito.
13:59:14.823 [main] INFO  nttdatacenters_logback_t1_VCA.App - Resgistro del usuario 186
13:59:14.823 [main] INFO  nttdatacenters_logback_t1_VCA.App - Usuario registrado con exito.
13:59:14.823 [main] INFO  nttdatacenters_logback_t1_VCA.App - Resgistro del usuario 187
13:59:14.824 [main] INFO  nttdatacenters_logback_t1_VCA.App - Usuario registrado con exito.
13:59:14.824 [main] INFO  nttdatacenters_logback_t1_VCA.App - Resgistro del usuario 188
13:59:14.825 [main] INFO  nttdatacenters_logback_t1_VCA.App - Usuario registrado con exito.
13:59:14.825 [main] INFO  nttdatacenters_logback_t1_VCA.App - Resgistro del usuario 189
13:59:14.826 [main] INFO  nttdatacenters_logback_t1_VCA.App - Usuario registrado con exito.
13:59:14.826 [main] INFO  nttdatacenters_logback_t1_VCA.App - Resgistro del usuario 190
13:59:14.826 [main] INFO  nttdatacenters_logback_t1_VCA.App - Usuario registrado con exito.
13:59:14.827 [main] INFO  nttdatacenters_logback_t1_VCA.App - Resgistro del usuario 191
13:59:14.827 [main] INFO  nttdatacenters_logback_t1_VCA.App - Usuario registrado con exito.
13:59:14.827 [main] INFO  nttdatacenters_logback_t1_VCA.App - Resgistro del usuario 192
13:59:14.828 [main] INFO  nttdatacenters_logback_t1_VCA.App - Usuario registrado con exito.
13:59:14.828 [main] INFO  nttdatacenters_logback_t1_VCA.App - Resgistro del usuario 193
13:59:14.829 [main] INFO  nttdatacenters_logback_t1_VCA.App - Usuario registrado con exito.
13:59:14.829 [main] INFO  nttdatacenters_logback_t1_VCA.App - Resgistro del usuario 194
13:59:14.830 [main] INFO  nttdatacenters_logback_t1_VCA.App - Usuario registrado con exito.
13:59:14.830 [main] INFO  nttdatacenters_logback_t1_VCA.App - Resgistro del usuario 195
13:59:14.830 [main] INFO  nttdatacenters_logback_t1_VCA.App - Usuario registrado con exito.
13:59:14.831 [main] INFO  nttdatacenters_logback_t1_VCA.App - Resgistro del usuario 196
13:59:14.834 [main] INFO  nttdatacenters_logback_t1_VCA.App - Usuario registrado con exito.
13:59:14.835 [main] INFO  nttdatacenters_logback_t1_VCA.App - Resgistro del usuario 197
13:59:14.835 [main] INFO  nttdatacenters_logback_t1_VCA.App - Usuario registrado con exito.
13:59:14.835 [main] INFO  nttdatacenters_logback_t1_VCA.App - Resgistro del usuario 198
13:59:14.836 [main] INFO  nttdatacenters_logback_t1_VCA.App - Usuario registrado con exito.
13:59:14.836 [main] INFO  nttdatacenters_logback_t1_VCA.App - Resgistro del usuario 199
13:59:14.837 [main] INFO  nttdatacenters_logback_t1_VCA.App - Usuario registrado con exito.
13:59:14.837 [main] INFO  nttdatacenters_logback_t1_VCA.App - Resgistro del usuario 200
13:59:14.837 [main] INFO  nttdatacenters_logback_t1_VCA.App - Usuario registrado con exito.
13:59:14.837 [main] INFO  nttdatacenters_logback_t1_VCA.App - Resgistro del usuario 201
13:59:14.838 [main] INFO  nttdatacenters_logback_t1_VCA.App - Usuario registrado con exito.
13:59:14.838 [main] INFO  nttdatacenters_logback_t1_VCA.App - Resgistro del usuario 202
13:59:14.839 [main] INFO  nttdatacenters_logback_t1_VCA.App - Usuario registrado con exito.
13:59:14.839 [main] INFO  nttdatacenters_logback_t1_VCA.App - Resgistro del usuario 203
13:59:14.839 [main] INFO  nttdatacenters_logback_t1_VCA.App - Usuario registrado con exito.
13:59:14.840 [main] INFO  nttdatacenters_logback_t1_VCA.App - Resgistro del usuario 204
13:59:14.840 [main] INFO  nttdatacenters_logback_t1_VCA.App - Usuario registrado con exito.
13:59:14.840 [main] INFO  nttdatacenters_logback_t1_VCA.App - Resgistro del usuario 205
13:59:14.841 [main] INFO  nttdatacenters_logback_t1_VCA.App - Usuario registrado con exito.
13:59:14.841 [main] INFO  nttdatacenters_logback_t1_VCA.App - Resgistro del usuario 206
13:59:14.841 [main] INFO  nttdatacenters_logback_t1_VCA.App - Usuario registrado con exito.
13:59:14.841 [main] INFO  nttdatacenters_logback_t1_VCA.App - Resgistro del usuario 207
13:59:14.842 [main] INFO  nttdatacenters_logback_t1_VCA.App - Usuario registrado con exito.
13:59:14.842 [main] INFO  nttdatacenters_logback_t1_VCA.App - Resgistro del usuario 208
13:59:14.843 [main] INFO  nttdatacenters_logback_t1_VCA.App - Usuario registrado con exito.
13:59:14.843 [main] INFO  nttdatacenters_logback_t1_VCA.App - Resgistro del usuario 209
13:59:14.843 [main] INFO  nttdatacenters_logback_t1_VCA.App - Usuario registrado con exito.
13:59:14.843 [main] INFO  nttdatacenters_logback_t1_VCA.App - Resgistro del usuario 210
13:59:14.844 [main] INFO  nttdatacenters_logback_t1_VCA.App - Usuario registrado con exito.
13:59:14.844 [main] INFO  nttdatacenters_logback_t1_VCA.App - Resgistro del usuario 211
13:59:14.845 [main] INFO  nttdatacenters_logback_t1_VCA.App - Usuario registrado con exito.
13:59:14.845 [main] INFO  nttdatacenters_logback_t1_VCA.App - Resgistro del usuario 212
13:59:14.846 [main] INFO  nttdatacenters_logback_t1_VCA.App - Usuario registrado con exito.
13:59:14.846 [main] INFO  nttdatacenters_logback_t1_VCA.App - Resgistro del usuario 213
13:59:14.846 [main] INFO  nttdatacenters_logback_t1_VCA.App - Usuario registrado con exito.
13:59:14.847 [main] INFO  nttdatacenters_logback_t1_VCA.App - Resgistro del usuario 214
13:59:14.847 [main] INFO  nttdatacenters_logback_t1_VCA.App - Usuario registrado con exito.
13:59:14.847 [main] INFO  nttdatacenters_logback_t1_VCA.App - Resgistro del usuario 215
13:59:14.848 [main] INFO  nttdatacenters_logback_t1_VCA.App - Usuario registrado con exito.
13:59:14.848 [main] INFO  nttdatacenters_logback_t1_VCA.App - Resgistro del usuario 216
13:59:14.848 [main] INFO  nttdatacenters_logback_t1_VCA.App - Usuario registrado con exito.
13:59:14.849 [main] INFO  nttdatacenters_logback_t1_VCA.App - Resgistro del usuario 217
13:59:14.849 [main] INFO  nttdatacenters_logback_t1_VCA.App - Usuario registrado con exito.
13:59:14.849 [main] INFO  nttdatacenters_logback_t1_VCA.App - Resgistro del usuario 218
13:59:14.850 [main] INFO  nttdatacenters_logback_t1_VCA.App - Usuario registrado con exito.
13:59:14.850 [main] INFO  nttdatacenters_logback_t1_VCA.App - Resgistro del usuario 219
13:59:14.850 [main] INFO  nttdatacenters_logback_t1_VCA.App - Usuario registrado con exito.
13:59:14.850 [main] INFO  nttdatacenters_logback_t1_VCA.App - Resgistro del usuario 220
13:59:14.851 [main] INFO  nttdatacenters_logback_t1_VCA.App - Usuario registrado con exito.
13:59:14.851 [main] INFO  nttdatacenters_logback_t1_VCA.App - Resgistro del usuario 221
13:59:14.851 [main] INFO  nttdatacenters_logback_t1_VCA.App - Usuario registrado con exito.
13:59:14.852 [main] INFO  nttdatacenters_logback_t1_VCA.App - Resgistro del usuario 222
13:59:14.852 [main] INFO  nttdatacenters_logback_t1_VCA.App - Usuario registrado con exito.
13:59:14.852 [main] INFO  nttdatacenters_logback_t1_VCA.App - Resgistro del usuario 223
13:59:14.853 [main] INFO  nttdatacenters_logback_t1_VCA.App - Usuario registrado con exito.
13:59:14.853 [main] INFO  nttdatacenters_logback_t1_VCA.App - Resgistro del usuario 224
13:59:14.854 [main] INFO  nttdatacenters_logback_t1_VCA.App - Usuario registrado con exito.
13:59:14.854 [main] INFO  nttdatacenters_logback_t1_VCA.App - Resgistro del usuario 225
13:59:14.854 [main] INFO  nttdatacenters_logback_t1_VCA.App - Usuario registrado con exito.
13:59:14.855 [main] INFO  nttdatacenters_logback_t1_VCA.App - Resgistro del usuario 226
13:59:14.855 [main] INFO  nttdatacenters_logback_t1_VCA.App - Usuario registrado con exito.
13:59:14.855 [main] INFO  nttdatacenters_logback_t1_VCA.App - Resgistro del usuario 227
13:59:14.856 [main] INFO  nttdatacenters_logback_t1_VCA.App - Usuario registrado con exito.
13:59:14.856 [main] INFO  nttdatacenters_logback_t1_VCA.App - Resgistro del usuario 228
13:59:14.856 [main] INFO  nttdatacenters_logback_t1_VCA.App - Usuario registrado con exito.
13:59:14.857 [main] INFO  nttdatacenters_logback_t1_VCA.App - Resgistro del usuario 229
13:59:14.857 [main] INFO  nttdatacenters_logback_t1_VCA.App - Usuario registrado con exito.
13:59:14.857 [main] INFO  nttdatacenters_logback_t1_VCA.App - Resgistro del usuario 230
13:59:14.858 [main] INFO  nttdatacenters_logback_t1_VCA.App - Usuario registrado con exito.
13:59:14.858 [main] INFO  nttdatacenters_logback_t1_VCA.App - Resgistro del usuario 231
13:59:14.858 [main] INFO  nttdatacenters_logback_t1_VCA.App - Usuario registrado con exito.
13:59:14.858 [main] INFO  nttdatacenters_logback_t1_VCA.App - Resgistro del usuario 232
13:59:14.859 [main] INFO  nttdatacenters_logback_t1_VCA.App - Usuario registrado con exito.
13:59:14.859 [main] INFO  nttdatacenters_logback_t1_VCA.App - Resgistro del usuario 233
13:59:14.859 [main] INFO  nttdatacenters_logback_t1_VCA.App - Usuario registrado con exito.
13:59:14.859 [main] INFO  nttdatacenters_logback_t1_VCA.App - Resgistro del usuario 234
13:59:14.860 [main] INFO  nttdatacenters_logback_t1_VCA.App - Usuario registrado con exito.
13:59:14.860 [main] INFO  nttdatacenters_logback_t1_VCA.App - Resgistro del usuario 235
13:59:14.860 [main] INFO  nttdatacenters_logback_t1_VCA.App - Usuario registrado con exito.
13:59:14.860 [main] INFO  nttdatacenters_logback_t1_VCA.App - Resgistro del usuario 236
13:59:14.861 [main] INFO  nttdatacenters_logback_t1_VCA.App - Usuario registrado con exito.
13:59:14.861 [main] INFO  nttdatacenters_logback_t1_VCA.App - Resgistro del usuario 237
13:59:14.861 [main] INFO  nttdatacenters_logback_t1_VCA.App - Usuario registrado con exito.
13:59:14.861 [main] INFO  nttdatacenters_logback_t1_VCA.App - Resgistro del usuario 238
13:59:14.862 [main] INFO  nttdatacenters_logback_t1_VCA.App - Usuario registrado con exito.
13:59:14.862 [main] INFO  nttdatacenters_logback_t1_VCA.App - Resgistro del usuario 239
13:59:14.862 [main] INFO  nttdatacenters_logback_t1_VCA.App - Usuario registrado con exito.
13:59:14.862 [main] INFO  nttdatacenters_logback_t1_VCA.App - Resgistro del usuario 240
13:59:14.863 [main] INFO  nttdatacenters_logback_t1_VCA.App - Usuario registrado con exito.
13:59:14.863 [main] INFO  nttdatacenters_logback_t1_VCA.App - Resgistro del usuario 241
13:59:14.863 [main] INFO  nttdatacenters_logback_t1_VCA.App - Usuario registrado con exito.
13:59:14.864 [main] INFO  nttdatacenters_logback_t1_VCA.App - Resgistro del usuario 242
13:59:14.864 [main] INFO  nttdatacenters_logback_t1_VCA.App - Usuario registrado con exito.
13:59:14.864 [main] INFO  nttdatacenters_logback_t1_VCA.App - Resgistro del usuario 243
13:59:14.865 [main] INFO  nttdatacenters_logback_t1_VCA.App - Usuario registrado con exito.
13:59:14.865 [main] INFO  nttdatacenters_logback_t1_VCA.App - Resgistro del usuario 244
13:59:14.865 [main] INFO  nttdatacenters_logback_t1_VCA.App - Usuario registrado con exito.
13:59:14.865 [main] INFO  nttdatacenters_logback_t1_VCA.App - Resgistro del usuario 245
13:59:14.866 [main] INFO  nttdatacenters_logback_t1_VCA.App - Usuario registrado con exito.
13:59:14.866 [main] INFO  nttdatacenters_logback_t1_VCA.App - Resgistro del usuario 246
13:59:14.866 [main] INFO  nttdatacenters_logback_t1_VCA.App - Usuario registrado con exito.
13:59:14.866 [main] INFO  nttdatacenters_logback_t1_VCA.App - Resgistro del usuario 247
13:59:14.867 [main] INFO  nttdatacenters_logback_t1_VCA.App - Usuario registrado con exito.
13:59:14.867 [main] INFO  nttdatacenters_logback_t1_VCA.App - Resgistro del usuario 248
13:59:14.867 [main] INFO  nttdatacenters_logback_t1_VCA.App - Usuario registrado con exito.
13:59:14.867 [main] INFO  nttdatacenters_logback_t1_VCA.App - Resgistro del usuario 249
13:59:14.868 [main] INFO  nttdatacenters_logback_t1_VCA.App - Usuario registrado con exito.
13:59:14.868 [main] INFO  nttdatacenters_logback_t1_VCA.App - Resgistro del usuario 250
13:59:14.868 [main] INFO  nttdatacenters_logback_t1_VCA.App - Usuario registrado con exito.
13:59:14.868 [main] INFO  nttdatacenters_logback_t1_VCA.App - Resgistro del usuario 251
13:59:14.869 [main] INFO  nttdatacenters_logback_t1_VCA.App - Usuario registrado con exito.
13:59:14.869 [main] INFO  nttdatacenters_logback_t1_VCA.App - Resgistro del usuario 252
13:59:14.869 [main] INFO  nttdatacenters_logback_t1_VCA.App - Usuario registrado con exito.
13:59:14.869 [main] INFO  nttdatacenters_logback_t1_VCA.App - Resgistro del usuario 253
13:59:14.870 [main] INFO  nttdatacenters_logback_t1_VCA.App - Usuario registrado con exito.
13:59:14.870 [main] INFO  nttdatacenters_logback_t1_VCA.App - Resgistro del usuario 254
13:59:14.870 [main] INFO  nttdatacenters_logback_t1_VCA.App - Usuario registrado con exito.
13:59:14.871 [main] INFO  nttdatacenters_logback_t1_VCA.App - Resgistro del usuario 255
13:59:14.871 [main] INFO  nttdatacenters_logback_t1_VCA.App - Usuario registrado con exito.
13:59:14.871 [main] INFO  nttdatacenters_logback_t1_VCA.App - Resgistro del usuario 256
13:59:14.872 [main] INFO  nttdatacenters_logback_t1_VCA.App - Usuario registrado con exito.
13:59:14.872 [main] INFO  nttdatacenters_logback_t1_VCA.App - Resgistro del usuario 257
13:59:14.872 [main] INFO  nttdatacenters_logback_t1_VCA.App - Usuario registrado con exito.
13:59:14.872 [main] INFO  nttdatacenters_logback_t1_VCA.App - Resgistro del usuario 258
13:59:14.873 [main] INFO  nttdatacenters_logback_t1_VCA.App - Usuario registrado con exito.
13:59:14.873 [main] INFO  nttdatacenters_logback_t1_VCA.App - Resgistro del usuario 259
13:59:14.873 [main] INFO  nttdatacenters_logback_t1_VCA.App - Usuario registrado con exito.
13:59:14.873 [main] INFO  nttdatacenters_logback_t1_VCA.App - Resgistro del usuario 260
13:59:14.874 [main] INFO  nttdatacenters_logback_t1_VCA.App - Usuario registrado con exito.
13:59:14.874 [main] INFO  nttdatacenters_logback_t1_VCA.App - Resgistro del usuario 261
13:59:14.874 [main] INFO  nttdatacenters_logback_t1_VCA.App - Usuario registrado con exito.
13:59:14.874 [main] INFO  nttdatacenters_logback_t1_VCA.App - Resgistro del usuario 262
13:59:14.875 [main] INFO  nttdatacenters_logback_t1_VCA.App - Usuario registrado con exito.
13:59:14.875 [main] INFO  nttdatacenters_logback_t1_VCA.App - Resgistro del usuario 263
13:59:14.875 [main] INFO  nttdatacenters_logback_t1_VCA.App - Usuario registrado con exito.
13:59:14.875 [main] INFO  nttdatacenters_logback_t1_VCA.App - Resgistro del usuario 264
13:59:14.876 [main] INFO  nttdatacenters_logback_t1_VCA.App - Usuario registrado con exito.
13:59:14.876 [main] INFO  nttdatacenters_logback_t1_VCA.App - Resgistro del usuario 265
13:59:14.876 [main] INFO  nttdatacenters_logback_t1_VCA.App - Usuario registrado con exito.
13:59:14.876 [main] INFO  nttdatacenters_logback_t1_VCA.App - Resgistro del usuario 266
13:59:14.877 [main] INFO  nttdatacenters_logback_t1_VCA.App - Usuario registrado con exito.
13:59:14.877 [main] INFO  nttdatacenters_logback_t1_VCA.App - Resgistro del usuario 267
13:59:14.877 [main] INFO  nttdatacenters_logback_t1_VCA.App - Usuario registrado con exito.
13:59:14.877 [main] INFO  nttdatacenters_logback_t1_VCA.App - Resgistro del usuario 268
13:59:14.877 [main] INFO  nttdatacenters_logback_t1_VCA.App - Usuario registrado con exito.
13:59:14.878 [main] INFO  nttdatacenters_logback_t1_VCA.App - Resgistro del usuario 269
13:59:14.878 [main] INFO  nttdatacenters_logback_t1_VCA.App - Usuario registrado con exito.
13:59:14.878 [main] INFO  nttdatacenters_logback_t1_VCA.App - Resgistro del usuario 270
13:59:14.878 [main] INFO  nttdatacenters_logback_t1_VCA.App - Usuario registrado con exito.
13:59:14.878 [main] INFO  nttdatacenters_logback_t1_VCA.App - Resgistro del usuario 271
13:59:14.879 [main] INFO  nttdatacenters_logback_t1_VCA.App - Usuario registrado con exito.
13:59:14.879 [main] INFO  nttdatacenters_logback_t1_VCA.App - Resgistro del usuario 272
13:59:14.879 [main] INFO  nttdatacenters_logback_t1_VCA.App - Usuario registrado con exito.
13:59:14.879 [main] INFO  nttdatacenters_logback_t1_VCA.App - Resgistro del usuario 273
13:59:14.880 [main] INFO  nttdatacenters_logback_t1_VCA.App - Usuario registrado con exito.
13:59:14.880 [main] INFO  nttdatacenters_logback_t1_VCA.App - Resgistro del usuario 274
13:59:14.880 [main] INFO  nttdatacenters_logback_t1_VCA.App - Usuario registrado con exito.
13:59:14.880 [main] INFO  nttdatacenters_logback_t1_VCA.App - Resgistro del usuario 275
13:59:14.881 [main] INFO  nttdatacenters_logback_t1_VCA.App - Usuario registrado con exito.
13:59:14.881 [main] INFO  nttdatacenters_logback_t1_VCA.App - Resgistro del usuario 276
13:59:14.881 [main] INFO  nttdatacenters_logback_t1_VCA.App - Usuario registrado con exito.
13:59:14.881 [main] INFO  nttdatacenters_logback_t1_VCA.App - Resgistro del usuario 277
13:59:14.882 [main] INFO  nttdatacenters_logback_t1_VCA.App - Usuario registrado con exito.
13:59:14.882 [main] INFO  nttdatacenters_logback_t1_VCA.App - Resgistro del usuario 278
13:59:14.882 [main] INFO  nttdatacenters_logback_t1_VCA.App - Usuario registrado con exito.
13:59:14.882 [main] INFO  nttdatacenters_logback_t1_VCA.App - Resgistro del usuario 279
13:59:14.882 [main] INFO  nttdatacenters_logback_t1_VCA.App - Usuario registrado con exito.
13:59:14.883 [main] INFO  nttdatacenters_logback_t1_VCA.App - Resgistro del usuario 280
13:59:14.883 [main] INFO  nttdatacenters_logback_t1_VCA.App - Usuario registrado con exito.
13:59:14.883 [main] INFO  nttdatacenters_logback_t1_VCA.App - Resgistro del usuario 281
13:59:14.883 [main] INFO  nttdatacenters_logback_t1_VCA.App - Usuario registrado con exito.
13:59:14.883 [main] INFO  nttdatacenters_logback_t1_VCA.App - Resgistro del usuario 282
13:59:14.884 [main] INFO  nttdatacenters_logback_t1_VCA.App - Usuario registrado con exito.
13:59:14.884 [main] INFO  nttdatacenters_logback_t1_VCA.App - Resgistro del usuario 283
13:59:14.884 [main] INFO  nttdatacenters_logback_t1_VCA.App - Usuario registrado con exito.
13:59:14.884 [main] INFO  nttdatacenters_logback_t1_VCA.App - Resgistro del usuario 284
13:59:14.885 [main] INFO  nttdatacenters_logback_t1_VCA.App - Usuario registrado con exito.
13:59:14.885 [main] INFO  nttdatacenters_logback_t1_VCA.App - Resgistro del usuario 285
13:59:14.885 [main] INFO  nttdatacenters_logback_t1_VCA.App - Usuario registrado con exito.
13:59:14.885 [main] INFO  nttdatacenters_logback_t1_VCA.App - Resgistro del usuario 286
13:59:14.886 [main] INFO  nttdatacenters_logback_t1_VCA.App - Usuario registrado con exito.
13:59:14.886 [main] INFO  nttdatacenters_logback_t1_VCA.App - Resgistro del usuario 287
13:59:14.886 [main] INFO  nttdatacenters_logback_t1_VCA.App - Usuario registrado con exito.
13:59:14.886 [main] INFO  nttdatacenters_logback_t1_VCA.App - Resgistro del usuario 288
13:59:14.887 [main] INFO  nttdatacenters_logback_t1_VCA.App - Usuario registrado con exito.
13:59:14.887 [main] INFO  nttdatacenters_logback_t1_VCA.App - Resgistro del usuario 289
13:59:14.887 [main] INFO  nttdatacenters_logback_t1_VCA.App - Usuario registrado con exito.
13:59:14.887 [main] INFO  nttdatacenters_logback_t1_VCA.App - Resgistro del usuario 290
13:59:14.888 [main] INFO  nttdatacenters_logback_t1_VCA.App - Usuario registrado con exito.
13:59:14.888 [main] INFO  nttdatacenters_logback_t1_VCA.App - Resgistro del usuario 291
13:59:14.888 [main] INFO  nttdatacenters_logback_t1_VCA.App - Usuario registrado con exito.
13:59:14.888 [main] INFO  nttdatacenters_logback_t1_VCA.App - Resgistro del usuario 292
13:59:14.889 [main] INFO  nttdatacenters_logback_t1_VCA.App - Usuario registrado con exito.
13:59:14.889 [main] INFO  nttdatacenters_logback_t1_VCA.App - Resgistro del usuario 293
13:59:14.889 [main] INFO  nttdatacenters_logback_t1_VCA.App - Usuario registrado con exito.
13:59:14.889 [main] INFO  nttdatacenters_logback_t1_VCA.App - Resgistro del usuario 294
13:59:14.890 [main] INFO  nttdatacenters_logback_t1_VCA.App - Usuario registrado con exito.
13:59:14.890 [main] INFO  nttdatacenters_logback_t1_VCA.App - Resgistro del usuario 295
13:59:14.890 [main] INFO  nttdatacenters_logback_t1_VCA.App - Usuario registrado con exito.
13:59:14.890 [main] INFO  nttdatacenters_logback_t1_VCA.App - Resgistro del usuario 296
13:59:14.891 [main] INFO  nttdatacenters_logback_t1_VCA.App - Usuario registrado con exito.
13:59:14.891 [main] INFO  nttdatacenters_logback_t1_VCA.App - Resgistro del usuario 297
13:59:14.891 [main] INFO  nttdatacenters_logback_t1_VCA.App - Usuario registrado con exito.
13:59:14.891 [main] INFO  nttdatacenters_logback_t1_VCA.App - Resgistro del usuario 298
13:59:14.892 [main] INFO  nttdatacenters_logback_t1_VCA.App - Usuario registrado con exito.
13:59:14.892 [main] INFO  nttdatacenters_logback_t1_VCA.App - Resgistro del usuario 299
13:59:14.892 [main] INFO  nttdatacenters_logback_t1_VCA.App - Usuario registrado con exito.
13:59:14.892 [main] INFO  nttdatacenters_logback_t1_VCA.App - Resgistro del usuario 300
13:59:14.893 [main] INFO  nttdatacenters_logback_t1_VCA.App - Usuario registrado con exito.
13:59:14.893 [main] INFO  nttdatacenters_logback_t1_VCA.App - Resgistro del usuario 301
13:59:14.893 [main] INFO  nttdatacenters_logback_t1_VCA.App - Usuario registrado con exito.
13:59:14.893 [main] INFO  nttdatacenters_logback_t1_VCA.App - Resgistro del usuario 302
13:59:14.893 [main] INFO  nttdatacenters_logback_t1_VCA.App - Usuario registrado con exito.
13:59:14.894 [main] INFO  nttdatacenters_logback_t1_VCA.App - Resgistro del usuario 303
13:59:14.894 [main] INFO  nttdatacenters_logback_t1_VCA.App - Usuario registrado con exito.
13:59:14.894 [main] INFO  nttdatacenters_logback_t1_VCA.App - Resgistro del usuario 304
13:59:14.894 [main] INFO  nttdatacenters_logback_t1_VCA.App - Usuario registrado con exito.
13:59:14.895 [main] INFO  nttdatacenters_logback_t1_VCA.App - Resgistro del usuario 305
13:59:14.895 [main] INFO  nttdatacenters_logback_t1_VCA.App - Usuario registrado con exito.
13:59:14.895 [main] INFO  nttdatacenters_logback_t1_VCA.App - Resgistro del usuario 306
13:59:14.895 [main] INFO  nttdatacenters_logback_t1_VCA.App - Usuario registrado con exito.
13:59:14.896 [main] INFO  nttdatacenters_logback_t1_VCA.App - Resgistro del usuario 307
13:59:14.896 [main] INFO  nttdatacenters_logback_t1_VCA.App - Usuario registrado con exito.
13:59:14.896 [main] INFO  nttdatacenters_logback_t1_VCA.App - Resgistro del usuario 308
13:59:14.897 [main] INFO  nttdatacenters_logback_t1_VCA.App - Usuario registrado con exito.
13:59:14.897 [main] INFO  nttdatacenters_logback_t1_VCA.App - Resgistro del usuario 309
13:59:14.897 [main] INFO  nttdatacenters_logback_t1_VCA.App - Usuario registrado con exito.
13:59:14.897 [main] INFO  nttdatacenters_logback_t1_VCA.App - Resgistro del usuario 310
13:59:14.898 [main] INFO  nttdatacenters_logback_t1_VCA.App - Usuario registrado con exito.
13:59:14.898 [main] INFO  nttdatacenters_logback_t1_VCA.App - Resgistro del usuario 311
13:59:14.898 [main] INFO  nttdatacenters_logback_t1_VCA.App - Usuario registrado con exito.
13:59:14.899 [main] INFO  nttdatacenters_logback_t1_VCA.App - Resgistro del usuario 312
13:59:14.899 [main] INFO  nttdatacenters_logback_t1_VCA.App - Usuario registrado con exito.
13:59:14.899 [main] INFO  nttdatacenters_logback_t1_VCA.App - Resgistro del usuario 313
13:59:14.900 [main] INFO  nttdatacenters_logback_t1_VCA.App - Usuario registrado con exito.
13:59:14.900 [main] INFO  nttdatacenters_logback_t1_VCA.App - Resgistro del usuario 314
13:59:14.900 [main] INFO  nttdatacenters_logback_t1_VCA.App - Usuario registrado con exito.
13:59:14.900 [main] INFO  nttdatacenters_logback_t1_VCA.App - Resgistro del usuario 315
13:59:14.901 [main] INFO  nttdatacenters_logback_t1_VCA.App - Usuario registrado con exito.
13:59:14.901 [main] INFO  nttdatacenters_logback_t1_VCA.App - Resgistro del usuario 316
13:59:14.902 [main] INFO  nttdatacenters_logback_t1_VCA.App - Usuario registrado con exito.
13:59:14.902 [main] INFO  nttdatacenters_logback_t1_VCA.App - Resgistro del usuario 317
13:59:14.902 [main] INFO  nttdatacenters_logback_t1_VCA.App - Usuario registrado con exito.
13:59:14.902 [main] INFO  nttdatacenters_logback_t1_VCA.App - Resgistro del usuario 318
13:59:14.903 [main] INFO  nttdatacenters_logback_t1_VCA.App - Usuario registrado con exito.
13:59:14.903 [main] INFO  nttdatacenters_logback_t1_VCA.App - Resgistro del usuario 319
13:59:14.904 [main] INFO  nttdatacenters_logback_t1_VCA.App - Usuario registrado con exito.
13:59:14.904 [main] INFO  nttdatacenters_logback_t1_VCA.App - Resgistro del usuario 320
13:59:14.904 [main] INFO  nttdatacenters_logback_t1_VCA.App - Usuario registrado con exito.
13:59:14.904 [main] INFO  nttdatacenters_logback_t1_VCA.App - Resgistro del usuario 321
13:59:14.905 [main] INFO  nttdatacenters_logback_t1_VCA.App - Usuario registrado con exito.
13:59:14.905 [main] INFO  nttdatacenters_logback_t1_VCA.App - Resgistro del usuario 322
13:59:14.906 [main] INFO  nttdatacenters_logback_t1_VCA.App - Usuario registrado con exito.
13:59:14.906 [main] INFO  nttdatacenters_logback_t1_VCA.App - Resgistro del usuario 323
13:59:14.907 [main] INFO  nttdatacenters_logback_t1_VCA.App - Usuario registrado con exito.
13:59:14.907 [main] INFO  nttdatacenters_logback_t1_VCA.App - Resgistro del usuario 324
13:59:14.907 [main] INFO  nttdatacenters_logback_t1_VCA.App - Usuario registrado con exito.
13:59:14.907 [main] INFO  nttdatacenters_logback_t1_VCA.App - Resgistro del usuario 325
13:59:14.908 [main] INFO  nttdatacenters_logback_t1_VCA.App - Usuario registrado con exito.
13:59:14.908 [main] INFO  nttdatacenters_logback_t1_VCA.App - Resgistro del usuario 326
13:59:14.908 [main] INFO  nttdatacenters_logback_t1_VCA.App - Usuario registrado con exito.
13:59:14.908 [main] INFO  nttdatacenters_logback_t1_VCA.App - Resgistro del usuario 327
13:59:14.909 [main] INFO  nttdatacenters_logback_t1_VCA.App - Usuario registrado con exito.
13:59:14.909 [main] INFO  nttdatacenters_logback_t1_VCA.App - Resgistro del usuario 328
13:59:14.909 [main] INFO  nttdatacenters_logback_t1_VCA.App - Usuario registrado con exito.
13:59:14.909 [main] INFO  nttdatacenters_logback_t1_VCA.App - Resgistro del usuario 329
13:59:14.910 [main] INFO  nttdatacenters_logback_t1_VCA.App - Usuario registrado con exito.
13:59:14.910 [main] INFO  nttdatacenters_logback_t1_VCA.App - Resgistro del usuario 330
13:59:14.910 [main] INFO  nttdatacenters_logback_t1_VCA.App - Usuario registrado con exito.
13:59:14.911 [main] INFO  nttdatacenters_logback_t1_VCA.App - Resgistro del usuario 331
13:59:14.911 [main] INFO  nttdatacenters_logback_t1_VCA.App - Usuario registrado con exito.
13:59:14.911 [main] INFO  nttdatacenters_logback_t1_VCA.App - Resgistro del usuario 332
13:59:14.911 [main] INFO  nttdatacenters_logback_t1_VCA.App - Usuario registrado con exito.
13:59:14.912 [main] INFO  nttdatacenters_logback_t1_VCA.App - Resgistro del usuario 333
13:59:14.912 [main] INFO  nttdatacenters_logback_t1_VCA.App - Usuario registrado con exito.
13:59:14.912 [main] INFO  nttdatacenters_logback_t1_VCA.App - Resgistro del usuario 334
13:59:14.912 [main] INFO  nttdatacenters_logback_t1_VCA.App - Usuario registrado con exito.
13:59:14.912 [main] INFO  nttdatacenters_logback_t1_VCA.App - Resgistro del usuario 335
13:59:14.913 [main] INFO  nttdatacenters_logback_t1_VCA.App - Usuario registrado con exito.
13:59:14.913 [main] INFO  nttdatacenters_logback_t1_VCA.App - Resgistro del usuario 336
13:59:14.913 [main] INFO  nttdatacenters_logback_t1_VCA.App - Usuario registrado con exito.
13:59:14.913 [main] INFO  nttdatacenters_logback_t1_VCA.App - Resgistro del usuario 337
13:59:14.914 [main] INFO  nttdatacenters_logback_t1_VCA.App - Usuario registrado con exito.
13:59:14.914 [main] INFO  nttdatacenters_logback_t1_VCA.App - Resgistro del usuario 338
13:59:14.914 [main] INFO  nttdatacenters_logback_t1_VCA.App - Usuario registrado con exito.
13:59:14.915 [main] INFO  nttdatacenters_logback_t1_VCA.App - Resgistro del usuario 339
13:59:14.915 [main] INFO  nttdatacenters_logback_t1_VCA.App - Usuario registrado con exito.
13:59:14.915 [main] INFO  nttdatacenters_logback_t1_VCA.App - Resgistro del usuario 340
13:59:14.916 [main] INFO  nttdatacenters_logback_t1_VCA.App - Usuario registrado con exito.
13:59:14.916 [main] INFO  nttdatacenters_logback_t1_VCA.App - Resgistro del usuario 341
13:59:14.916 [main] INFO  nttdatacenters_logback_t1_VCA.App - Usuario registrado con exito.
13:59:14.916 [main] INFO  nttdatacenters_logback_t1_VCA.App - Resgistro del usuario 342
13:59:14.917 [main] INFO  nttdatacenters_logback_t1_VCA.App - Usuario registrado con exito.
13:59:14.917 [main] INFO  nttdatacenters_logback_t1_VCA.App - Resgistro del usuario 343
13:59:14.918 [main] INFO  nttdatacenters_logback_t1_VCA.App - Usuario registrado con exito.
13:59:14.918 [main] INFO  nttdatacenters_logback_t1_VCA.App - Resgistro del usuario 344
13:59:14.918 [main] INFO  nttdatacenters_logback_t1_VCA.App - Usuario registrado con exito.
13:59:14.919 [main] INFO  nttdatacenters_logback_t1_VCA.App - Resgistro del usuario 345
13:59:14.919 [main] INFO  nttdatacenters_logback_t1_VCA.App - Usuario registrado con exito.
13:59:14.919 [main] INFO  nttdatacenters_logback_t1_VCA.App - Resgistro del usuario 346
13:59:14.920 [main] INFO  nttdatacenters_logback_t1_VCA.App - Usuario registrado con exito.
13:59:14.920 [main] INFO  nttdatacenters_logback_t1_VCA.App - Resgistro del usuario 347
13:59:14.920 [main] INFO  nttdatacenters_logback_t1_VCA.App - Usuario registrado con exito.
13:59:14.920 [main] INFO  nttdatacenters_logback_t1_VCA.App - Resgistro del usuario 348
13:59:14.921 [main] INFO  nttdatacenters_logback_t1_VCA.App - Usuario registrado con exito.
13:59:14.921 [main] INFO  nttdatacenters_logback_t1_VCA.App - Resgistro del usuario 349
13:59:14.922 [main] INFO  nttdatacenters_logback_t1_VCA.App - Usuario registrado con exito.
13:59:14.922 [main] INFO  nttdatacenters_logback_t1_VCA.App - Resgistro del usuario 350
13:59:14.922 [main] INFO  nttdatacenters_logback_t1_VCA.App - Usuario registrado con exito.
13:59:14.923 [main] INFO  nttdatacenters_logback_t1_VCA.App - Resgistro del usuario 351
13:59:14.923 [main] INFO  nttdatacenters_logback_t1_VCA.App - Usuario registrado con exito.
13:59:14.923 [main] INFO  nttdatacenters_logback_t1_VCA.App - Resgistro del usuario 352
13:59:14.924 [main] INFO  nttdatacenters_logback_t1_VCA.App - Usuario registrado con exito.
13:59:14.924 [main] INFO  nttdatacenters_logback_t1_VCA.App - Resgistro del usuario 353
13:59:14.925 [main] INFO  nttdatacenters_logback_t1_VCA.App - Usuario registrado con exito.
13:59:14.925 [main] INFO  nttdatacenters_logback_t1_VCA.App - Resgistro del usuario 354
13:59:14.925 [main] INFO  nttdatacenters_logback_t1_VCA.App - Usuario registrado con exito.
13:59:14.925 [main] INFO  nttdatacenters_logback_t1_VCA.App - Resgistro del usuario 355
13:59:14.926 [main] INFO  nttdatacenters_logback_t1_VCA.App - Usuario registrado con exito.
13:59:14.926 [main] INFO  nttdatacenters_logback_t1_VCA.App - Resgistro del usuario 356
13:59:14.927 [main] INFO  nttdatacenters_logback_t1_VCA.App - Usuario registrado con exito.
13:59:14.927 [main] INFO  nttdatacenters_logback_t1_VCA.App - Resgistro del usuario 357
13:59:14.927 [main] INFO  nttdatacenters_logback_t1_VCA.App - Usuario registrado con exito.
13:59:14.927 [main] INFO  nttdatacenters_logback_t1_VCA.App - Resgistro del usuario 358
13:59:14.928 [main] INFO  nttdatacenters_logback_t1_VCA.App - Usuario registrado con exito.
13:59:14.928 [main] INFO  nttdatacenters_logback_t1_VCA.App - Resgistro del usuario 359
13:59:14.929 [main] INFO  nttdatacenters_logback_t1_VCA.App - Usuario registrado con exito.
13:59:14.929 [main] INFO  nttdatacenters_logback_t1_VCA.App - Resgistro del usuario 360
13:59:14.930 [main] INFO  nttdatacenters_logback_t1_VCA.App - Usuario registrado con exito.
13:59:14.930 [main] INFO  nttdatacenters_logback_t1_VCA.App - Resgistro del usuario 361
13:59:14.930 [main] INFO  nttdatacenters_logback_t1_VCA.App - Usuario registrado con exito.
13:59:14.930 [main] INFO  nttdatacenters_logback_t1_VCA.App - Resgistro del usuario 362
13:59:14.931 [main] INFO  nttdatacenters_logback_t1_VCA.App - Usuario registrado con exito.
13:59:14.931 [main] INFO  nttdatacenters_logback_t1_VCA.App - Resgistro del usuario 363
13:59:14.932 [main] INFO  nttdatacenters_logback_t1_VCA.App - Usuario registrado con exito.
13:59:14.932 [main] INFO  nttdatacenters_logback_t1_VCA.App - Resgistro del usuario 364
13:59:14.933 [main] INFO  nttdatacenters_logback_t1_VCA.App - Usuario registrado con exito.
13:59:14.933 [main] INFO  nttdatacenters_logback_t1_VCA.App - Resgistro del usuario 365
13:59:14.933 [main] INFO  nttdatacenters_logback_t1_VCA.App - Usuario registrado con exito.
13:59:14.934 [main] INFO  nttdatacenters_logback_t1_VCA.App - Resgistro del usuario 366
13:59:14.934 [main] INFO  nttdatacenters_logback_t1_VCA.App - Usuario registrado con exito.
13:59:14.934 [main] INFO  nttdatacenters_logback_t1_VCA.App - Resgistro del usuario 367
13:59:14.935 [main] INFO  nttdatacenters_logback_t1_VCA.App - Usuario registrado con exito.
13:59:14.935 [main] INFO  nttdatacenters_logback_t1_VCA.App - Resgistro del usuario 368
13:59:14.936 [main] INFO  nttdatacenters_logback_t1_VCA.App - Usuario registrado con exito.
13:59:14.936 [main] INFO  nttdatacenters_logback_t1_VCA.App - Resgistro del usuario 369
13:59:14.937 [main] INFO  nttdatacenters_logback_t1_VCA.App - Usuario registrado con exito.
13:59:14.937 [main] INFO  nttdatacenters_logback_t1_VCA.App - Resgistro del usuario 370
13:59:14.937 [main] INFO  nttdatacenters_logback_t1_VCA.App - Usuario registrado con exito.
13:59:14.938 [main] INFO  nttdatacenters_logback_t1_VCA.App - Resgistro del usuario 371
13:59:14.938 [main] INFO  nttdatacenters_logback_t1_VCA.App - Usuario registrado con exito.
13:59:14.938 [main] INFO  nttdatacenters_logback_t1_VCA.App - Resgistro del usuario 372
13:59:14.939 [main] INFO  nttdatacenters_logback_t1_VCA.App - Usuario registrado con exito.
13:59:14.939 [main] INFO  nttdatacenters_logback_t1_VCA.App - Resgistro del usuario 373
13:59:14.940 [main] INFO  nttdatacenters_logback_t1_VCA.App - Usuario registrado con exito.
13:59:14.940 [main] INFO  nttdatacenters_logback_t1_VCA.App - Resgistro del usuario 374
13:59:14.941 [main] INFO  nttdatacenters_logback_t1_VCA.App - Usuario registrado con exito.
13:59:14.941 [main] INFO  nttdatacenters_logback_t1_VCA.App - Resgistro del usuario 375
13:59:14.941 [main] INFO  nttdatacenters_logback_t1_VCA.App - Usuario registrado con exito.
13:59:14.941 [main] INFO  nttdatacenters_logback_t1_VCA.App - Resgistro del usuario 376
13:59:14.942 [main] INFO  nttdatacenters_logback_t1_VCA.App - Usuario registrado con exito.
13:59:14.942 [main] INFO  nttdatacenters_logback_t1_VCA.App - Resgistro del usuario 377
13:59:14.943 [main] INFO  nttdatacenters_logback_t1_VCA.App - Usuario registrado con exito.
13:59:14.943 [main] INFO  nttdatacenters_logback_t1_VCA.App - Resgistro del usuario 378
13:59:14.943 [main] INFO  nttdatacenters_logback_t1_VCA.App - Usuario registrado con exito.
13:59:14.943 [main] INFO  nttdatacenters_logback_t1_VCA.App - Resgistro del usuario 379
13:59:14.944 [main] INFO  nttdatacenters_logback_t1_VCA.App - Usuario registrado con exito.
13:59:14.944 [main] INFO  nttdatacenters_logback_t1_VCA.App - Resgistro del usuario 380
13:59:14.944 [main] INFO  nttdatacenters_logback_t1_VCA.App - Usuario registrado con exito.
13:59:14.945 [main] INFO  nttdatacenters_logback_t1_VCA.App - Resgistro del usuario 381
13:59:14.945 [main] INFO  nttdatacenters_logback_t1_VCA.App - Usuario registrado con exito.
13:59:14.945 [main] INFO  nttdatacenters_logback_t1_VCA.App - Resgistro del usuario 382
13:59:14.946 [main] INFO  nttdatacenters_logback_t1_VCA.App - Usuario registrado con exito.
13:59:14.946 [main] INFO  nttdatacenters_logback_t1_VCA.App - Resgistro del usuario 383
13:59:14.947 [main] INFO  nttdatacenters_logback_t1_VCA.App - Usuario registrado con exito.
13:59:14.947 [main] INFO  nttdatacenters_logback_t1_VCA.App - Resgistro del usuario 384
13:59:14.948 [main] INFO  nttdatacenters_logback_t1_VCA.App - Usuario registrado con exito.
13:59:14.948 [main] INFO  nttdatacenters_logback_t1_VCA.App - Resgistro del usuario 385
13:59:14.949 [main] INFO  nttdatacenters_logback_t1_VCA.App - Usuario registrado con exito.
13:59:14.949 [main] INFO  nttdatacenters_logback_t1_VCA.App - Resgistro del usuario 386
13:59:14.949 [main] INFO  nttdatacenters_logback_t1_VCA.App - Usuario registrado con exito.
13:59:14.950 [main] INFO  nttdatacenters_logback_t1_VCA.App - Resgistro del usuario 387
13:59:14.950 [main] INFO  nttdatacenters_logback_t1_VCA.App - Usuario registrado con exito.
13:59:14.950 [main] INFO  nttdatacenters_logback_t1_VCA.App - Resgistro del usuario 388
13:59:14.951 [main] INFO  nttdatacenters_logback_t1_VCA.App - Usuario registrado con exito.
13:59:14.951 [main] INFO  nttdatacenters_logback_t1_VCA.App - Resgistro del usuario 389
13:59:14.952 [main] INFO  nttdatacenters_logback_t1_VCA.App - Usuario registrado con exito.
13:59:14.952 [main] INFO  nttdatacenters_logback_t1_VCA.App - Resgistro del usuario 390
13:59:14.952 [main] INFO  nttdatacenters_logback_t1_VCA.App - Usuario registrado con exito.
13:59:14.952 [main] INFO  nttdatacenters_logback_t1_VCA.App - Resgistro del usuario 391
13:59:14.953 [main] INFO  nttdatacenters_logback_t1_VCA.App - Usuario registrado con exito.
13:59:14.953 [main] INFO  nttdatacenters_logback_t1_VCA.App - Resgistro del usuario 392
13:59:14.954 [main] INFO  nttdatacenters_logback_t1_VCA.App - Usuario registrado con exito.
13:59:14.954 [main] INFO  nttdatacenters_logback_t1_VCA.App - Resgistro del usuario 393
13:59:14.954 [main] INFO  nttdatacenters_logback_t1_VCA.App - Usuario registrado con exito.
13:59:14.954 [main] INFO  nttdatacenters_logback_t1_VCA.App - Resgistro del usuario 394
13:59:14.955 [main] INFO  nttdatacenters_logback_t1_VCA.App - Usuario registrado con exito.
13:59:14.955 [main] INFO  nttdatacenters_logback_t1_VCA.App - Resgistro del usuario 395
13:59:14.955 [main] INFO  nttdatacenters_logback_t1_VCA.App - Usuario registrado con exito.
13:59:14.956 [main] INFO  nttdatacenters_logback_t1_VCA.App - Resgistro del usuario 396
13:59:14.956 [main] INFO  nttdatacenters_logback_t1_VCA.App - Usuario registrado con exito.
13:59:14.956 [main] INFO  nttdatacenters_logback_t1_VCA.App - Resgistro del usuario 397
13:59:14.957 [main] INFO  nttdatacenters_logback_t1_VCA.App - Usuario registrado con exito.
13:59:14.957 [main] INFO  nttdatacenters_logback_t1_VCA.App - Resgistro del usuario 398
13:59:14.957 [main] INFO  nttdatacenters_logback_t1_VCA.App - Usuario registrado con exito.
13:59:14.957 [main] INFO  nttdatacenters_logback_t1_VCA.App - Resgistro del usuario 399
13:59:14.958 [main] INFO  nttdatacenters_logback_t1_VCA.App - Usuario registrado con exito.
13:59:14.958 [main] INFO  nttdatacenters_logback_t1_VCA.App - Resgistro del usuario 400
13:59:14.959 [main] INFO  nttdatacenters_logback_t1_VCA.App - Usuario registrado con exito.
13:59:14.959 [main] INFO  nttdatacenters_logback_t1_VCA.App - Resgistro del usuario 401
13:59:14.959 [main] INFO  nttdatacenters_logback_t1_VCA.App - Usuario registrado con exito.
13:59:14.960 [main] INFO  nttdatacenters_logback_t1_VCA.App - Resgistro del usuario 402
13:59:14.960 [main] INFO  nttdatacenters_logback_t1_VCA.App - Usuario registrado con exito.
13:59:14.960 [main] INFO  nttdatacenters_logback_t1_VCA.App - Resgistro del usuario 403
13:59:14.961 [main] INFO  nttdatacenters_logback_t1_VCA.App - Usuario registrado con exito.
13:59:14.961 [main] INFO  nttdatacenters_logback_t1_VCA.App - Resgistro del usuario 404
13:59:14.961 [main] INFO  nttdatacenters_logback_t1_VCA.App - Usuario registrado con exito.
13:59:14.962 [main] INFO  nttdatacenters_logback_t1_VCA.App - Resgistro del usuario 405
13:59:14.962 [main] INFO  nttdatacenters_logback_t1_VCA.App - Usuario registrado con exito.
13:59:14.962 [main] INFO  nttdatacenters_logback_t1_VCA.App - Resgistro del usuario 406
13:59:14.963 [main] INFO  nttdatacenters_logback_t1_VCA.App - Usuario registrado con exito.
13:59:14.963 [main] INFO  nttdatacenters_logback_t1_VCA.App - Resgistro del usuario 407
13:59:14.963 [main] INFO  nttdatacenters_logback_t1_VCA.App - Usuario registrado con exito.
13:59:14.963 [main] INFO  nttdatacenters_logback_t1_VCA.App - Resgistro del usuario 408
13:59:14.964 [main] INFO  nttdatacenters_logback_t1_VCA.App - Usuario registrado con exito.
13:59:14.964 [main] INFO  nttdatacenters_logback_t1_VCA.App - Resgistro del usuario 409
13:59:14.965 [main] INFO  nttdatacenters_logback_t1_VCA.App - Usuario registrado con exito.
13:59:14.965 [main] INFO  nttdatacenters_logback_t1_VCA.App - Resgistro del usuario 410
13:59:14.966 [main] INFO  nttdatacenters_logback_t1_VCA.App - Usuario registrado con exito.
13:59:14.966 [main] INFO  nttdatacenters_logback_t1_VCA.App - Resgistro del usuario 411
13:59:14.967 [main] INFO  nttdatacenters_logback_t1_VCA.App - Usuario registrado con exito.
13:59:14.967 [main] INFO  nttdatacenters_logback_t1_VCA.App - Resgistro del usuario 412
13:59:14.967 [main] INFO  nttdatacenters_logback_t1_VCA.App - Usuario registrado con exito.
13:59:14.968 [main] INFO  nttdatacenters_logback_t1_VCA.App - Resgistro del usuario 413
13:59:14.968 [main] INFO  nttdatacenters_logback_t1_VCA.App - Usuario registrado con exito.
13:59:14.969 [main] INFO  nttdatacenters_logback_t1_VCA.App - Resgistro del usuario 414
13:59:14.969 [main] INFO  nttdatacenters_logback_t1_VCA.App - Usuario registrado con exito.
13:59:14.969 [main] INFO  nttdatacenters_logback_t1_VCA.App - Resgistro del usuario 415
13:59:14.970 [main] INFO  nttdatacenters_logback_t1_VCA.App - Usuario registrado con exito.
13:59:14.970 [main] INFO  nttdatacenters_logback_t1_VCA.App - Resgistro del usuario 416
13:59:14.971 [main] INFO  nttdatacenters_logback_t1_VCA.App - Usuario registrado con exito.
13:59:14.971 [main] INFO  nttdatacenters_logback_t1_VCA.App - Resgistro del usuario 417
13:59:14.971 [main] INFO  nttdatacenters_logback_t1_VCA.App - Usuario registrado con exito.
13:59:14.972 [main] INFO  nttdatacenters_logback_t1_VCA.App - Resgistro del usuario 418
13:59:14.972 [main] INFO  nttdatacenters_logback_t1_VCA.App - Usuario registrado con exito.
13:59:14.972 [main] INFO  nttdatacenters_logback_t1_VCA.App - Resgistro del usuario 419
13:59:14.973 [main] INFO  nttdatacenters_logback_t1_VCA.App - Usuario registrado con exito.
13:59:14.973 [main] INFO  nttdatacenters_logback_t1_VCA.App - Resgistro del usuario 420
13:59:14.974 [main] INFO  nttdatacenters_logback_t1_VCA.App - Usuario registrado con exito.
13:59:14.974 [main] INFO  nttdatacenters_logback_t1_VCA.App - Resgistro del usuario 421
13:59:14.974 [main] INFO  nttdatacenters_logback_t1_VCA.App - Usuario registrado con exito.
13:59:14.975 [main] INFO  nttdatacenters_logback_t1_VCA.App - Resgistro del usuario 422
13:59:14.975 [main] INFO  nttdatacenters_logback_t1_VCA.App - Usuario registrado con exito.
13:59:14.975 [main] INFO  nttdatacenters_logback_t1_VCA.App - Resgistro del usuario 423
13:59:14.976 [main] INFO  nttdatacenters_logback_t1_VCA.App - Usuario registrado con exito.
13:59:14.976 [main] INFO  nttdatacenters_logback_t1_VCA.App - Resgistro del usuario 424
13:59:14.976 [main] INFO  nttdatacenters_logback_t1_VCA.App - Usuario registrado con exito.
13:59:14.977 [main] INFO  nttdatacenters_logback_t1_VCA.App - Resgistro del usuario 425
13:59:14.977 [main] INFO  nttdatacenters_logback_t1_VCA.App - Usuario registrado con exito.
13:59:14.977 [main] INFO  nttdatacenters_logback_t1_VCA.App - Resgistro del usuario 426
13:59:14.978 [main] INFO  nttdatacenters_logback_t1_VCA.App - Usuario registrado con exito.
13:59:14.978 [main] INFO  nttdatacenters_logback_t1_VCA.App - Resgistro del usuario 427
13:59:14.979 [main] INFO  nttdatacenters_logback_t1_VCA.App - Usuario registrado con exito.
13:59:14.979 [main] INFO  nttdatacenters_logback_t1_VCA.App - Resgistro del usuario 428
13:59:14.979 [main] INFO  nttdatacenters_logback_t1_VCA.App - Usuario registrado con exito.
13:59:14.980 [main] INFO  nttdatacenters_logback_t1_VCA.App - Resgistro del usuario 429
13:59:14.980 [main] INFO  nttdatacenters_logback_t1_VCA.App - Usuario registrado con exito.
13:59:14.980 [main] INFO  nttdatacenters_logback_t1_VCA.App - Resgistro del usuario 430
13:59:14.981 [main] INFO  nttdatacenters_logback_t1_VCA.App - Usuario registrado con exito.
13:59:14.981 [main] INFO  nttdatacenters_logback_t1_VCA.App - Resgistro del usuario 431
13:59:14.982 [main] INFO  nttdatacenters_logback_t1_VCA.App - Usuario registrado con exito.
13:59:14.982 [main] INFO  nttdatacenters_logback_t1_VCA.App - Resgistro del usuario 432
13:59:14.983 [main] INFO  nttdatacenters_logback_t1_VCA.App - Usuario registrado con exito.
13:59:14.983 [main] INFO  nttdatacenters_logback_t1_VCA.App - Resgistro del usuario 433
13:59:14.983 [main] INFO  nttdatacenters_logback_t1_VCA.App - Usuario registrado con exito.
13:59:14.983 [main] INFO  nttdatacenters_logback_t1_VCA.App - Resgistro del usuario 434
13:59:14.984 [main] INFO  nttdatacenters_logback_t1_VCA.App - Usuario registrado con exito.
13:59:14.984 [main] INFO  nttdatacenters_logback_t1_VCA.App - Resgistro del usuario 435
13:59:14.985 [main] INFO  nttdatacenters_logback_t1_VCA.App - Usuario registrado con exito.
13:59:14.985 [main] INFO  nttdatacenters_logback_t1_VCA.App - Resgistro del usuario 436
13:59:14.985 [main] INFO  nttdatacenters_logback_t1_VCA.App - Usuario registrado con exito.
13:59:14.986 [main] INFO  nttdatacenters_logback_t1_VCA.App - Resgistro del usuario 437
13:59:14.986 [main] INFO  nttdatacenters_logback_t1_VCA.App - Usuario registrado con exito.
13:59:14.987 [main] INFO  nttdatacenters_logback_t1_VCA.App - Resgistro del usuario 438
13:59:14.987 [main] INFO  nttdatacenters_logback_t1_VCA.App - Usuario registrado con exito.
13:59:14.987 [main] INFO  nttdatacenters_logback_t1_VCA.App - Resgistro del usuario 439
13:59:14.988 [main] INFO  nttdatacenters_logback_t1_VCA.App - Usuario registrado con exito.
13:59:14.988 [main] INFO  nttdatacenters_logback_t1_VCA.App - Resgistro del usuario 440
13:59:14.989 [main] INFO  nttdatacenters_logback_t1_VCA.App - Usuario registrado con exito.
13:59:14.989 [main] INFO  nttdatacenters_logback_t1_VCA.App - Resgistro del usuario 441
13:59:14.990 [main] INFO  nttdatacenters_logback_t1_VCA.App - Usuario registrado con exito.
13:59:14.990 [main] INFO  nttdatacenters_logback_t1_VCA.App - Resgistro del usuario 442
13:59:14.990 [main] INFO  nttdatacenters_logback_t1_VCA.App - Usuario registrado con exito.
13:59:14.991 [main] INFO  nttdatacenters_logback_t1_VCA.App - Resgistro del usuario 443
13:59:14.991 [main] INFO  nttdatacenters_logback_t1_VCA.App - Usuario registrado con exito.
13:59:14.991 [main] INFO  nttdatacenters_logback_t1_VCA.App - Resgistro del usuario 444
13:59:14.992 [main] INFO  nttdatacenters_logback_t1_VCA.App - Usuario registrado con exito.
13:59:14.992 [main] INFO  nttdatacenters_logback_t1_VCA.App - Resgistro del usuario 445
13:59:14.993 [main] INFO  nttdatacenters_logback_t1_VCA.App - Usuario registrado con exito.
13:59:14.993 [main] INFO  nttdatacenters_logback_t1_VCA.App - Resgistro del usuario 446
13:59:14.993 [main] INFO  nttdatacenters_logback_t1_VCA.App - Usuario registrado con exito.
13:59:14.994 [main] INFO  nttdatacenters_logback_t1_VCA.App - Resgistro del usuario 447
13:59:14.994 [main] INFO  nttdatacenters_logback_t1_VCA.App - Usuario registrado con exito.
13:59:14.994 [main] INFO  nttdatacenters_logback_t1_VCA.App - Resgistro del usuario 448
13:59:14.995 [main] INFO  nttdatacenters_logback_t1_VCA.App - Usuario registrado con exito.
13:59:14.995 [main] INFO  nttdatacenters_logback_t1_VCA.App - Resgistro del usuario 449
13:59:14.996 [main] INFO  nttdatacenters_logback_t1_VCA.App - Usuario registrado con exito.
13:59:14.996 [main] INFO  nttdatacenters_logback_t1_VCA.App - Resgistro del usuario 450
13:59:14.996 [main] INFO  nttdatacenters_logback_t1_VCA.App - Usuario registrado con exito.
13:59:14.997 [main] INFO  nttdatacenters_logback_t1_VCA.App - Resgistro del usuario 451
13:59:14.997 [main] INFO  nttdatacenters_logback_t1_VCA.App - Usuario registrado con exito.
13:59:14.997 [main] INFO  nttdatacenters_logback_t1_VCA.App - Resgistro del usuario 452
13:59:14.998 [main] INFO  nttdatacenters_logback_t1_VCA.App - Usuario registrado con exito.
13:59:14.998 [main] INFO  nttdatacenters_logback_t1_VCA.App - Resgistro del usuario 453
13:59:14.999 [main] INFO  nttdatacenters_logback_t1_VCA.App - Usuario registrado con exito.
13:59:14.999 [main] INFO  nttdatacenters_logback_t1_VCA.App - Resgistro del usuario 454
13:59:15.000 [main] INFO  nttdatacenters_logback_t1_VCA.App - Usuario registrado con exito.
13:59:15.000 [main] INFO  nttdatacenters_logback_t1_VCA.App - Resgistro del usuario 455
13:59:15.001 [main] INFO  nttdatacenters_logback_t1_VCA.App - Usuario registrado con exito.
13:59:15.001 [main] INFO  nttdatacenters_logback_t1_VCA.App - Resgistro del usuario 456
13:59:15.001 [main] INFO  nttdatacenters_logback_t1_VCA.App - Usuario registrado con exito.
13:59:15.001 [main] INFO  nttdatacenters_logback_t1_VCA.App - Resgistro del usuario 457
13:59:15.002 [main] INFO  nttdatacenters_logback_t1_VCA.App - Usuario registrado con exito.
13:59:15.002 [main] INFO  nttdatacenters_logback_t1_VCA.App - Resgistro del usuario 458
13:59:15.003 [main] INFO  nttdatacenters_logback_t1_VCA.App - Usuario registrado con exito.
13:59:15.003 [main] INFO  nttdatacenters_logback_t1_VCA.App - Resgistro del usuario 459
13:59:15.004 [main] INFO  nttdatacenters_logback_t1_VCA.App - Usuario registrado con exito.
13:59:15.004 [main] INFO  nttdatacenters_logback_t1_VCA.App - Resgistro del usuario 460
13:59:15.004 [main] INFO  nttdatacenters_logback_t1_VCA.App - Usuario registrado con exito.
13:59:15.004 [main] INFO  nttdatacenters_logback_t1_VCA.App - Resgistro del usuario 461
13:59:15.005 [main] INFO  nttdatacenters_logback_t1_VCA.App - Usuario registrado con exito.
13:59:15.005 [main] INFO  nttdatacenters_logback_t1_VCA.App - Resgistro del usuario 462
13:59:15.005 [main] INFO  nttdatacenters_logback_t1_VCA.App - Usuario registrado con exito.
13:59:15.005 [main] INFO  nttdatacenters_logback_t1_VCA.App - Resgistro del usuario 463
13:59:15.006 [main] INFO  nttdatacenters_logback_t1_VCA.App - Usuario registrado con exito.
13:59:15.006 [main] INFO  nttdatacenters_logback_t1_VCA.App - Resgistro del usuario 464
13:59:15.006 [main] INFO  nttdatacenters_logback_t1_VCA.App - Usuario registrado con exito.
13:59:15.006 [main] INFO  nttdatacenters_logback_t1_VCA.App - Resgistro del usuario 465
13:59:15.007 [main] INFO  nttdatacenters_logback_t1_VCA.App - Usuario registrado con exito.
13:59:15.007 [main] INFO  nttdatacenters_logback_t1_VCA.App - Resgistro del usuario 466
13:59:15.007 [main] INFO  nttdatacenters_logback_t1_VCA.App - Usuario registrado con exito.
13:59:15.007 [main] INFO  nttdatacenters_logback_t1_VCA.App - Resgistro del usuario 467
13:59:15.008 [main] INFO  nttdatacenters_logback_t1_VCA.App - Usuario registrado con exito.
13:59:15.008 [main] INFO  nttdatacenters_logback_t1_VCA.App - Resgistro del usuario 468
13:59:15.009 [main] INFO  nttdatacenters_logback_t1_VCA.App - Usuario registrado con exito.
13:59:15.009 [main] INFO  nttdatacenters_logback_t1_VCA.App - Resgistro del usuario 469
13:59:15.010 [main] INFO  nttdatacenters_logback_t1_VCA.App - Usuario registrado con exito.
13:59:15.010 [main] INFO  nttdatacenters_logback_t1_VCA.App - Resgistro del usuario 470
13:59:15.010 [main] INFO  nttdatacenters_logback_t1_VCA.App - Usuario registrado con exito.
13:59:15.010 [main] INFO  nttdatacenters_logback_t1_VCA.App - Resgistro del usuario 471
13:59:15.010 [main] INFO  nttdatacenters_logback_t1_VCA.App - Usuario registrado con exito.
13:59:15.011 [main] INFO  nttdatacenters_logback_t1_VCA.App - Resgistro del usuario 472
13:59:15.011 [main] INFO  nttdatacenters_logback_t1_VCA.App - Usuario registrado con exito.
13:59:15.011 [main] INFO  nttdatacenters_logback_t1_VCA.App - Resgistro del usuario 473
13:59:15.012 [main] INFO  nttdatacenters_logback_t1_VCA.App - Usuario registrado con exito.
13:59:15.012 [main] INFO  nttdatacenters_logback_t1_VCA.App - Resgistro del usuario 474
13:59:15.012 [main] INFO  nttdatacenters_logback_t1_VCA.App - Usuario registrado con exito.
13:59:15.012 [main] INFO  nttdatacenters_logback_t1_VCA.App - Resgistro del usuario 475
13:59:15.013 [main] INFO  nttdatacenters_logback_t1_VCA.App - Usuario registrado con exito.
13:59:15.013 [main] INFO  nttdatacenters_logback_t1_VCA.App - Resgistro del usuario 476
13:59:15.013 [main] INFO  nttdatacenters_logback_t1_VCA.App - Usuario registrado con exito.
13:59:15.013 [main] INFO  nttdatacenters_logback_t1_VCA.App - Resgistro del usuario 477
13:59:15.014 [main] INFO  nttdatacenters_logback_t1_VCA.App - Usuario registrado con exito.
13:59:15.014 [main] INFO  nttdatacenters_logback_t1_VCA.App - Resgistro del usuario 478
13:59:15.014 [main] INFO  nttdatacenters_logback_t1_VCA.App - Usuario registrado con exito.
13:59:15.014 [main] INFO  nttdatacenters_logback_t1_VCA.App - Resgistro del usuario 479
13:59:15.015 [main] INFO  nttdatacenters_logback_t1_VCA.App - Usuario registrado con exito.
13:59:15.015 [main] INFO  nttdatacenters_logback_t1_VCA.App - Resgistro del usuario 480
13:59:15.015 [main] INFO  nttdatacenters_logback_t1_VCA.App - Usuario registrado con exito.
13:59:15.016 [main] INFO  nttdatacenters_logback_t1_VCA.App - Resgistro del usuario 481
13:59:15.016 [main] INFO  nttdatacenters_logback_t1_VCA.App - Usuario registrado con exito.
13:59:15.016 [main] INFO  nttdatacenters_logback_t1_VCA.App - Resgistro del usuario 482
13:59:15.017 [main] INFO  nttdatacenters_logback_t1_VCA.App - Usuario registrado con exito.
13:59:15.017 [main] INFO  nttdatacenters_logback_t1_VCA.App - Resgistro del usuario 483
13:59:15.017 [main] INFO  nttdatacenters_logback_t1_VCA.App - Usuario registrado con exito.
13:59:15.017 [main] INFO  nttdatacenters_logback_t1_VCA.App - Resgistro del usuario 484
13:59:15.018 [main] INFO  nttdatacenters_logback_t1_VCA.App - Usuario registrado con exito.
13:59:15.018 [main] INFO  nttdatacenters_logback_t1_VCA.App - Resgistro del usuario 485
13:59:15.018 [main] INFO  nttdatacenters_logback_t1_VCA.App - Usuario registrado con exito.
13:59:15.018 [main] INFO  nttdatacenters_logback_t1_VCA.App - Resgistro del usuario 486
13:59:15.019 [main] INFO  nttdatacenters_logback_t1_VCA.App - Usuario registrado con exito.
13:59:15.019 [main] INFO  nttdatacenters_logback_t1_VCA.App - Resgistro del usuario 487
13:59:15.019 [main] INFO  nttdatacenters_logback_t1_VCA.App - Usuario registrado con exito.
13:59:15.019 [main] INFO  nttdatacenters_logback_t1_VCA.App - Resgistro del usuario 488
13:59:15.020 [main] INFO  nttdatacenters_logback_t1_VCA.App - Usuario registrado con exito.
13:59:15.020 [main] INFO  nttdatacenters_logback_t1_VCA.App - Resgistro del usuario 489
13:59:15.020 [main] INFO  nttdatacenters_logback_t1_VCA.App - Usuario registrado con exito.
13:59:15.020 [main] INFO  nttdatacenters_logback_t1_VCA.App - Resgistro del usuario 490
13:59:15.021 [main] INFO  nttdatacenters_logback_t1_VCA.App - Usuario registrado con exito.
13:59:15.021 [main] INFO  nttdatacenters_logback_t1_VCA.App - Resgistro del usuario 491
13:59:15.022 [main] INFO  nttdatacenters_logback_t1_VCA.App - Usuario registrado con exito.
13:59:15.022 [main] INFO  nttdatacenters_logback_t1_VCA.App - Resgistro del usuario 492
13:59:15.022 [main] INFO  nttdatacenters_logback_t1_VCA.App - Usuario registrado con exito.
13:59:15.022 [main] INFO  nttdatacenters_logback_t1_VCA.App - Resgistro del usuario 493
13:59:15.023 [main] INFO  nttdatacenters_logback_t1_VCA.App - Usuario registrado con exito.
13:59:15.023 [main] INFO  nttdatacenters_logback_t1_VCA.App - Resgistro del usuario 494
13:59:15.023 [main] INFO  nttdatacenters_logback_t1_VCA.App - Usuario registrado con exito.
13:59:15.023 [main] INFO  nttdatacenters_logback_t1_VCA.App - Resgistro del usuario 495
13:59:15.024 [main] INFO  nttdatacenters_logback_t1_VCA.App - Usuario registrado con exito.
13:59:15.024 [main] INFO  nttdatacenters_logback_t1_VCA.App - Resgistro del usuario 496
13:59:15.024 [main] INFO  nttdatacenters_logback_t1_VCA.App - Usuario registrado con exito.
13:59:15.024 [main] INFO  nttdatacenters_logback_t1_VCA.App - Resgistro del usuario 497
13:59:15.025 [main] INFO  nttdatacenters_logback_t1_VCA.App - Usuario registrado con exito.
13:59:15.025 [main] INFO  nttdatacenters_logback_t1_VCA.App - Resgistro del usuario 498
13:59:15.026 [main] INFO  nttdatacenters_logback_t1_VCA.App - Usuario registrado con exito.
13:59:15.026 [main] INFO  nttdatacenters_logback_t1_VCA.App - Resgistro del usuario 499
13:59:15.026 [main] INFO  nttdatacenters_logback_t1_VCA.App - Usuario registrado con exito.
13:59:15.026 [main] INFO  nttdatacenters_logback_t1_VCA.App - Resgistro del usuario 500
13:59:15.027 [main] INFO  nttdatacenters_logback_t1_VCA.App - Usuario registrado con exito.
13:59:15.027 [main] INFO  nttdatacenters_logback_t1_VCA.App - Resgistro del usuario 501
13:59:15.027 [main] INFO  nttdatacenters_logback_t1_VCA.App - Usuario registrado con exito.
13:59:15.027 [main] INFO  nttdatacenters_logback_t1_VCA.App - Resgistro del usuario 502
13:59:15.028 [main] INFO  nttdatacenters_logback_t1_VCA.App - Usuario registrado con exito.
13:59:15.028 [main] INFO  nttdatacenters_logback_t1_VCA.App - Resgistro del usuario 503
13:59:15.028 [main] INFO  nttdatacenters_logback_t1_VCA.App - Usuario registrado con exito.
13:59:15.029 [main] INFO  nttdatacenters_logback_t1_VCA.App - Resgistro del usuario 504
13:59:15.029 [main] INFO  nttdatacenters_logback_t1_VCA.App - Usuario registrado con exito.
13:59:15.029 [main] INFO  nttdatacenters_logback_t1_VCA.App - Resgistro del usuario 505
13:59:15.030 [main] INFO  nttdatacenters_logback_t1_VCA.App - Usuario registrado con exito.
13:59:15.030 [main] INFO  nttdatacenters_logback_t1_VCA.App - Resgistro del usuario 506
13:59:15.030 [main] INFO  nttdatacenters_logback_t1_VCA.App - Usuario registrado con exito.
13:59:15.030 [main] INFO  nttdatacenters_logback_t1_VCA.App - Resgistro del usuario 507
13:59:15.031 [main] INFO  nttdatacenters_logback_t1_VCA.App - Usuario registrado con exito.
13:59:15.031 [main] INFO  nttdatacenters_logback_t1_VCA.App - Resgistro del usuario 508
13:59:15.031 [main] INFO  nttdatacenters_logback_t1_VCA.App - Usuario registrado con exito.
13:59:15.031 [main] INFO  nttdatacenters_logback_t1_VCA.App - Resgistro del usuario 509
13:59:15.032 [main] INFO  nttdatacenters_logback_t1_VCA.App - Usuario registrado con exito.
13:59:15.032 [main] INFO  nttdatacenters_logback_t1_VCA.App - Resgistro del usuario 510
13:59:15.032 [main] INFO  nttdatacenters_logback_t1_VCA.App - Usuario registrado con exito.
